-------------------------------------------------------------------------------
Test set: com.model.TestSpeak
-------------------------------------------------------------------------------
Tests run: 2, Failures: 0, Errors: 1, Skipped: 0, Time elapsed: 7.941 s <<< FAILURE! -- in com.model.TestSpeak
com.model.TestSpeak.speak_withNullText_shouldNotThrowOrCrash -- Time elapsed: 6.074 s <<< ERROR!
java.lang.OutOfMemoryError: Java heap space
	at java.base/java.util.Arrays.copyOf(Arrays.java:3537)
	at java.base/java.lang.AbstractStringBuilder.ensureCapacityInternal(AbstractStringBuilder.java:228)
	at java.base/java.lang.AbstractStringBuilder.append(AbstractStringBuilder.java:802)
	at java.base/java.lang.StringBuffer.append(StringBuffer.java:425)
	at com.sun.speech.freetts.en.TokenizerImpl.getTokenByCharClass(TokenizerImpl.java:328)
	at com.sun.speech.freetts.en.TokenizerImpl.getTokenNotOfCharClass(TokenizerImpl.java:293)
	at com.sun.speech.freetts.en.TokenizerImpl.getNextToken(TokenizerImpl.java:198)
	at freetts@1.0/com.sun.speech.freetts.Voice$FreeTTSSpeakableTokenizer$1.next(Voice.java:1480)
	at freetts@1.0/com.sun.speech.freetts.Voice.speak(Voice.java:282)
	at freetts@1.0/com.sun.speech.freetts.Voice.speak(Voice.java:232)
	at com.excape/com.model.Speak.speak(Speak.java:21)
	at com.excape/com.model.TestSpeak.speak_withNullText_shouldNotThrowOrCrash(TestSpeak.java:23)
	at java.base/jdk.internal.reflect.NativeMethodAccessorImpl.invoke0(Native Method)
	at java.base/jdk.internal.reflect.NativeMethodAccessorImpl.invoke(NativeMethodAccessorImpl.java:77)
	at java.base/jdk.internal.reflect.DelegatingMethodAccessorImpl.invoke(DelegatingMethodAccessorImpl.java:43)
	at java.base/java.lang.reflect.Method.invoke(Method.java:569)
	at junit@4.13.2/org.junit.runners.model.FrameworkMethod$1.runReflectiveCall(FrameworkMethod.java:59)
	at junit@4.13.2/org.junit.internal.runners.model.ReflectiveCallable.run(ReflectiveCallable.java:12)
	at junit@4.13.2/org.junit.runners.model.FrameworkMethod.invokeExplosively(FrameworkMethod.java:56)
	at junit@4.13.2/org.junit.internal.runners.statements.InvokeMethod.evaluate(InvokeMethod.java:17)
	at junit@4.13.2/org.junit.runners.ParentRunner$3.evaluate(ParentRunner.java:306)
	at junit@4.13.2/org.junit.runners.BlockJUnit4ClassRunner$1.evaluate(BlockJUnit4ClassRunner.java:100)
	at junit@4.13.2/org.junit.runners.ParentRunner.runLeaf(ParentRunner.java:366)
	at junit@4.13.2/org.junit.runners.BlockJUnit4ClassRunner.runChild(BlockJUnit4ClassRunner.java:103)
	at junit@4.13.2/org.junit.runners.BlockJUnit4ClassRunner.runChild(BlockJUnit4ClassRunner.java:63)
	at junit@4.13.2/org.junit.runners.ParentRunner$4.run(ParentRunner.java:331)
	at junit@4.13.2/org.junit.runners.ParentRunner$1.schedule(ParentRunner.java:79)
	at junit@4.13.2/org.junit.runners.ParentRunner.runChildren(ParentRunner.java:329)
	at junit@4.13.2/org.junit.runners.ParentRunner.access$100(ParentRunner.java:66)
	at junit@4.13.2/org.junit.runners.ParentRunner$2.evaluate(ParentRunner.java:293)
	at junit@4.13.2/org.junit.runners.ParentRunner$3.evaluate(ParentRunner.java:306)
	at junit@4.13.2/org.junit.runners.ParentRunner.run(ParentRunner.java:413)

