<?xml version="1.0" encoding="UTF-8"?>
<testsuite xmlns:xsi="http://www.w3.org/2001/XMLSchema-instance" xsi:noNamespaceSchemaLocation="https://maven.apache.org/surefire/maven-surefire-plugin/xsd/surefire-test-report-3.0.xsd" version="3.0" name="com.model.TestTrivia" time="0.037" tests="26" errors="0" skipped="0" failures="0">
  <properties>
[...]
</properties>
  <testcase name="testCustomTriviaInitializationStoresValues" classname="com.model.TestTrivia" time="0.007"/>
  <testcase name="testToStringWithLongTriviaText" classname="com.model.TestTrivia" time="0.0"/>
  <testcase name="testCheckAnswerPartialMatchFails" classname="com.model.TestTrivia" time="0.003">
    <system-out><![CDATA[STUB Puzzle.playSound() called - correct: false
]]></system-out>
  </testcase>
  <testcase name="testCheckAnswerMixedCase" classname="com.model.TestTrivia" time="0.003">
    <system-out><![CDATA[STUB Puzzle.playSound() called - correct: true
STUB Puzzle.playSound() called - correct: true
]]></system-out>
    <system-err><![CDATA[java.io.FileNotFoundException: json/players.json (No such file or directory)
	at java.base/java.io.FileOutputStream.open0(Native Method)
	at java.base/java.io.FileOutputStream.open(FileOutputStream.java:293)
	at java.base/java.io.FileOutputStream.<init>(FileOutputStream.java:235)
	at java.base/java.io.FileOutputStream.<init>(FileOutputStream.java:123)
	at java.base/java.io.FileWriter.<init>(FileWriter.java:66)
	at com.excape/com.model.DataWriter.savePlayers(DataWriter.java:159)
	at com.excape/com.model.Players.saveProgress(Players.java:144)
	at com.excape/com.model.EscapeGameFacade.saveProgress(EscapeGameFacade.java:139)
	at com.excape/com.model.Puzzle.completePuzzle(Puzzle.java:41)
	at com.excape/com.model.Trivia.checkAnswer(Trivia.java:39)
	at com.excape/com.model.TestTrivia.testCheckAnswerMixedCase(TestTrivia.java:53)
	at java.base/jdk.internal.reflect.NativeMethodAccessorImpl.invoke0(Native Method)
	at java.base/jdk.internal.reflect.NativeMethodAccessorImpl.invoke(NativeMethodAccessorImpl.java:77)
	at java.base/jdk.internal.reflect.DelegatingMethodAccessorImpl.invoke(DelegatingMethodAccessorImpl.java:43)
	at java.base/java.lang.reflect.Method.invoke(Method.java:569)
	at junit@4.13.2/org.junit.runners.model.FrameworkMethod$1.runReflectiveCall(FrameworkMethod.java:59)
	at junit@4.13.2/org.junit.internal.runners.model.ReflectiveCallable.run(ReflectiveCallable.java:12)
	at junit@4.13.2/org.junit.runners.model.FrameworkMethod.invokeExplosively(FrameworkMethod.java:56)
	at junit@4.13.2/org.junit.internal.runners.statements.InvokeMethod.evaluate(InvokeMethod.java:17)
	at junit@4.13.2/org.junit.internal.runners.statements.RunBefores.evaluate(RunBefores.java:26)
	at junit@4.13.2/org.junit.runners.ParentRunner$3.evaluate(ParentRunner.java:306)
	at junit@4.13.2/org.junit.runners.BlockJUnit4ClassRunner$1.evaluate(BlockJUnit4ClassRunner.java:100)
	at junit@4.13.2/org.junit.runners.ParentRunner.runLeaf(ParentRunner.java:366)
	at junit@4.13.2/org.junit.runners.BlockJUnit4ClassRunner.runChild(BlockJUnit4ClassRunner.java:103)
	at junit@4.13.2/org.junit.runners.BlockJUnit4ClassRunner.runChild(BlockJUnit4ClassRunner.java:63)
	at junit@4.13.2/org.junit.runners.ParentRunner$4.run(ParentRunner.java:331)
	at junit@4.13.2/org.junit.runners.ParentRunner$1.schedule(ParentRunner.java:79)
	at junit@4.13.2/org.junit.runners.ParentRunner.runChildren(ParentRunner.java:329)
	at junit@4.13.2/org.junit.runners.ParentRunner.access$100(ParentRunner.java:66)
	at junit@4.13.2/org.junit.runners.ParentRunner$2.evaluate(ParentRunner.java:293)
	at junit@4.13.2/org.junit.runners.ParentRunner$3.evaluate(ParentRunner.java:306)
	at junit@4.13.2/org.junit.runners.ParentRunner.run(ParentRunner.java:413)
	at org.apache.maven.surefire.junit4.JUnit4Provider.execute(JUnit4Provider.java:316)
	at org.apache.maven.surefire.junit4.JUnit4Provider.executeWithRerun(JUnit4Provider.java:240)
	at org.apache.maven.surefire.junit4.JUnit4Provider.executeTestSet(JUnit4Provider.java:214)
	at org.apache.maven.surefire.junit4.JUnit4Provider.invoke(JUnit4Provider.java:155)
	at org.apache.maven.surefire.booter.ForkedBooter.runSuitesInProcess(ForkedBooter.java:385)
	at org.apache.maven.surefire.booter.ForkedBooter.execute(ForkedBooter.java:162)
	at org.apache.maven.surefire.booter.ForkedBooter.run(ForkedBooter.java:507)
	at org.apache.maven.surefire.booter.ForkedBooter.main(ForkedBooter.java:495)
]]></system-err>
  </testcase>
  <testcase name="testToStringIncludesTypePrefix" classname="com.model.TestTrivia" time="0.0"/>
  <testcase name="testCheckAnswerDifferentCase" classname="com.model.TestTrivia" time="0.0">
    <system-out><![CDATA[STUB Puzzle.playSound() called - correct: true
STUB Puzzle.playSound() called - correct: true
]]></system-out>
    <system-err><![CDATA[java.io.FileNotFoundException: json/players.json (No such file or directory)
	at java.base/java.io.FileOutputStream.open0(Native Method)
	at java.base/java.io.FileOutputStream.open(FileOutputStream.java:293)
	at java.base/java.io.FileOutputStream.<init>(FileOutputStream.java:235)
	at java.base/java.io.FileOutputStream.<init>(FileOutputStream.java:123)
	at java.base/java.io.FileWriter.<init>(FileWriter.java:66)
	at com.excape/com.model.DataWriter.savePlayers(DataWriter.java:159)
	at com.excape/com.model.Players.saveProgress(Players.java:144)
	at com.excape/com.model.EscapeGameFacade.saveProgress(EscapeGameFacade.java:139)
	at com.excape/com.model.Puzzle.completePuzzle(Puzzle.java:41)
	at com.excape/com.model.Trivia.checkAnswer(Trivia.java:39)
	at com.excape/com.model.TestTrivia.testCheckAnswerDifferentCase(TestTrivia.java:47)
	at java.base/jdk.internal.reflect.NativeMethodAccessorImpl.invoke0(Native Method)
	at java.base/jdk.internal.reflect.NativeMethodAccessorImpl.invoke(NativeMethodAccessorImpl.java:77)
	at java.base/jdk.internal.reflect.DelegatingMethodAccessorImpl.invoke(DelegatingMethodAccessorImpl.java:43)
	at java.base/java.lang.reflect.Method.invoke(Method.java:569)
	at junit@4.13.2/org.junit.runners.model.FrameworkMethod$1.runReflectiveCall(FrameworkMethod.java:59)
	at junit@4.13.2/org.junit.internal.runners.model.ReflectiveCallable.run(ReflectiveCallable.java:12)
	at junit@4.13.2/org.junit.runners.model.FrameworkMethod.invokeExplosively(FrameworkMethod.java:56)
	at junit@4.13.2/org.junit.internal.runners.statements.InvokeMethod.evaluate(InvokeMethod.java:17)
	at junit@4.13.2/org.junit.internal.runners.statements.RunBefores.evaluate(RunBefores.java:26)
	at junit@4.13.2/org.junit.runners.ParentRunner$3.evaluate(ParentRunner.java:306)
	at junit@4.13.2/org.junit.runners.BlockJUnit4ClassRunner$1.evaluate(BlockJUnit4ClassRunner.java:100)
	at junit@4.13.2/org.junit.runners.ParentRunner.runLeaf(ParentRunner.java:366)
	at junit@4.13.2/org.junit.runners.BlockJUnit4ClassRunner.runChild(BlockJUnit4ClassRunner.java:103)
	at junit@4.13.2/org.junit.runners.BlockJUnit4ClassRunner.runChild(BlockJUnit4ClassRunner.java:63)
	at junit@4.13.2/org.junit.runners.ParentRunner$4.run(ParentRunner.java:331)
	at junit@4.13.2/org.junit.runners.ParentRunner$1.schedule(ParentRunner.java:79)
	at junit@4.13.2/org.junit.runners.ParentRunner.runChildren(ParentRunner.java:329)
	at junit@4.13.2/org.junit.runners.ParentRunner.access$100(ParentRunner.java:66)
	at junit@4.13.2/org.junit.runners.ParentRunner$2.evaluate(ParentRunner.java:293)
	at junit@4.13.2/org.junit.runners.ParentRunner$3.evaluate(ParentRunner.java:306)
	at junit@4.13.2/org.junit.runners.ParentRunner.run(ParentRunner.java:413)
	at org.apache.maven.surefire.junit4.JUnit4Provider.execute(JUnit4Provider.java:316)
	at org.apache.maven.surefire.junit4.JUnit4Provider.executeWithRerun(JUnit4Provider.java:240)
	at org.apache.maven.surefire.junit4.JUnit4Provider.executeTestSet(JUnit4Provider.java:214)
	at org.apache.maven.surefire.junit4.JUnit4Provider.invoke(JUnit4Provider.java:155)
	at org.apache.maven.surefire.booter.ForkedBooter.runSuitesInProcess(ForkedBooter.java:385)
	at org.apache.maven.surefire.booter.ForkedBooter.execute(ForkedBooter.java:162)
	at org.apache.maven.surefire.booter.ForkedBooter.run(ForkedBooter.java:507)
	at org.apache.maven.surefire.booter.ForkedBooter.main(ForkedBooter.java:495)
]]></system-err>
  </testcase>
  <testcase name="testCheckAnswerWithNullInput" classname="com.model.TestTrivia" time="0.0">
    <system-out><![CDATA[STUB Puzzle.playSound() called - correct: false
]]></system-out>
  </testcase>
  <testcase name="testDefaultConstructorSetsType" classname="com.model.TestTrivia" time="0.0"/>
  <testcase name="testCheckAnswerTrimsAndIgnoresCaseTogether" classname="com.model.TestTrivia" time="0.0">
    <system-out><![CDATA[STUB Puzzle.playSound() called - correct: true
STUB Puzzle.playSound() called - correct: true
]]></system-out>
    <system-err><![CDATA[java.io.FileNotFoundException: json/players.json (No such file or directory)
	at java.base/java.io.FileOutputStream.open0(Native Method)
	at java.base/java.io.FileOutputStream.open(FileOutputStream.java:293)
	at java.base/java.io.FileOutputStream.<init>(FileOutputStream.java:235)
	at java.base/java.io.FileOutputStream.<init>(FileOutputStream.java:123)
	at java.base/java.io.FileWriter.<init>(FileWriter.java:66)
	at com.excape/com.model.DataWriter.savePlayers(DataWriter.java:159)
	at com.excape/com.model.Players.saveProgress(Players.java:144)
	at com.excape/com.model.EscapeGameFacade.saveProgress(EscapeGameFacade.java:139)
	at com.excape/com.model.Puzzle.completePuzzle(Puzzle.java:41)
	at com.excape/com.model.Trivia.checkAnswer(Trivia.java:39)
	at com.excape/com.model.TestTrivia.testCheckAnswerTrimsAndIgnoresCaseTogether(TestTrivia.java:74)
	at java.base/jdk.internal.reflect.NativeMethodAccessorImpl.invoke0(Native Method)
	at java.base/jdk.internal.reflect.NativeMethodAccessorImpl.invoke(NativeMethodAccessorImpl.java:77)
	at java.base/jdk.internal.reflect.DelegatingMethodAccessorImpl.invoke(DelegatingMethodAccessorImpl.java:43)
	at java.base/java.lang.reflect.Method.invoke(Method.java:569)
	at junit@4.13.2/org.junit.runners.model.FrameworkMethod$1.runReflectiveCall(FrameworkMethod.java:59)
	at junit@4.13.2/org.junit.internal.runners.model.ReflectiveCallable.run(ReflectiveCallable.java:12)
	at junit@4.13.2/org.junit.runners.model.FrameworkMethod.invokeExplosively(FrameworkMethod.java:56)
	at junit@4.13.2/org.junit.internal.runners.statements.InvokeMethod.evaluate(InvokeMethod.java:17)
	at junit@4.13.2/org.junit.internal.runners.statements.RunBefores.evaluate(RunBefores.java:26)
	at junit@4.13.2/org.junit.runners.ParentRunner$3.evaluate(ParentRunner.java:306)
	at junit@4.13.2/org.junit.runners.BlockJUnit4ClassRunner$1.evaluate(BlockJUnit4ClassRunner.java:100)
	at junit@4.13.2/org.junit.runners.ParentRunner.runLeaf(ParentRunner.java:366)
	at junit@4.13.2/org.junit.runners.BlockJUnit4ClassRunner.runChild(BlockJUnit4ClassRunner.java:103)
	at junit@4.13.2/org.junit.runners.BlockJUnit4ClassRunner.runChild(BlockJUnit4ClassRunner.java:63)
	at junit@4.13.2/org.junit.runners.ParentRunner$4.run(ParentRunner.java:331)
	at junit@4.13.2/org.junit.runners.ParentRunner$1.schedule(ParentRunner.java:79)
	at junit@4.13.2/org.junit.runners.ParentRunner.runChildren(ParentRunner.java:329)
	at junit@4.13.2/org.junit.runners.ParentRunner.access$100(ParentRunner.java:66)
	at junit@4.13.2/org.junit.runners.ParentRunner$2.evaluate(ParentRunner.java:293)
	at junit@4.13.2/org.junit.runners.ParentRunner$3.evaluate(ParentRunner.java:306)
	at junit@4.13.2/org.junit.runners.ParentRunner.run(ParentRunner.java:413)
	at org.apache.maven.surefire.junit4.JUnit4Provider.execute(JUnit4Provider.java:316)
	at org.apache.maven.surefire.junit4.JUnit4Provider.executeWithRerun(JUnit4Provider.java:240)
	at org.apache.maven.surefire.junit4.JUnit4Provider.executeTestSet(JUnit4Provider.java:214)
	at org.apache.maven.surefire.junit4.JUnit4Provider.invoke(JUnit4Provider.java:155)
	at org.apache.maven.surefire.booter.ForkedBooter.runSuitesInProcess(ForkedBooter.java:385)
	at org.apache.maven.surefire.booter.ForkedBooter.execute(ForkedBooter.java:162)
	at org.apache.maven.surefire.booter.ForkedBooter.run(ForkedBooter.java:507)
	at org.apache.maven.surefire.booter.ForkedBooter.main(ForkedBooter.java:495)
]]></system-err>
  </testcase>
  <testcase name="testTriviaHandlesSequentialAnswerChecks" classname="com.model.TestTrivia" time="0.001">
    <system-out><![CDATA[STUB Puzzle.playSound() called - correct: true
STUB Puzzle.playSound() called - correct: true
STUB Puzzle.playSound() called - correct: false
STUB Puzzle.playSound() called - correct: true
STUB Puzzle.playSound() called - correct: true
]]></system-out>
    <system-err><![CDATA[java.io.FileNotFoundException: json/players.json (No such file or directory)
	at java.base/java.io.FileOutputStream.open0(Native Method)
	at java.base/java.io.FileOutputStream.open(FileOutputStream.java:293)
	at java.base/java.io.FileOutputStream.<init>(FileOutputStream.java:235)
	at java.base/java.io.FileOutputStream.<init>(FileOutputStream.java:123)
	at java.base/java.io.FileWriter.<init>(FileWriter.java:66)
	at com.excape/com.model.DataWriter.savePlayers(DataWriter.java:159)
	at com.excape/com.model.Players.saveProgress(Players.java:144)
	at com.excape/com.model.EscapeGameFacade.saveProgress(EscapeGameFacade.java:139)
	at com.excape/com.model.Puzzle.completePuzzle(Puzzle.java:41)
	at com.excape/com.model.Trivia.checkAnswer(Trivia.java:39)
	at com.excape/com.model.TestTrivia.testTriviaHandlesSequentialAnswerChecks(TestTrivia.java:194)
	at java.base/jdk.internal.reflect.NativeMethodAccessorImpl.invoke0(Native Method)
	at java.base/jdk.internal.reflect.NativeMethodAccessorImpl.invoke(NativeMethodAccessorImpl.java:77)
	at java.base/jdk.internal.reflect.DelegatingMethodAccessorImpl.invoke(DelegatingMethodAccessorImpl.java:43)
	at java.base/java.lang.reflect.Method.invoke(Method.java:569)
	at junit@4.13.2/org.junit.runners.model.FrameworkMethod$1.runReflectiveCall(FrameworkMethod.java:59)
	at junit@4.13.2/org.junit.internal.runners.model.ReflectiveCallable.run(ReflectiveCallable.java:12)
	at junit@4.13.2/org.junit.runners.model.FrameworkMethod.invokeExplosively(FrameworkMethod.java:56)
	at junit@4.13.2/org.junit.internal.runners.statements.InvokeMethod.evaluate(InvokeMethod.java:17)
	at junit@4.13.2/org.junit.internal.runners.statements.RunBefores.evaluate(RunBefores.java:26)
	at junit@4.13.2/org.junit.runners.ParentRunner$3.evaluate(ParentRunner.java:306)
	at junit@4.13.2/org.junit.runners.BlockJUnit4ClassRunner$1.evaluate(BlockJUnit4ClassRunner.java:100)
	at junit@4.13.2/org.junit.runners.ParentRunner.runLeaf(ParentRunner.java:366)
	at junit@4.13.2/org.junit.runners.BlockJUnit4ClassRunner.runChild(BlockJUnit4ClassRunner.java:103)
	at junit@4.13.2/org.junit.runners.BlockJUnit4ClassRunner.runChild(BlockJUnit4ClassRunner.java:63)
	at junit@4.13.2/org.junit.runners.ParentRunner$4.run(ParentRunner.java:331)
	at junit@4.13.2/org.junit.runners.ParentRunner$1.schedule(ParentRunner.java:79)
	at junit@4.13.2/org.junit.runners.ParentRunner.runChildren(ParentRunner.java:329)
	at junit@4.13.2/org.junit.runners.ParentRunner.access$100(ParentRunner.java:66)
	at junit@4.13.2/org.junit.runners.ParentRunner$2.evaluate(ParentRunner.java:293)
	at junit@4.13.2/org.junit.runners.ParentRunner$3.evaluate(ParentRunner.java:306)
	at junit@4.13.2/org.junit.runners.ParentRunner.run(ParentRunner.java:413)
	at org.apache.maven.surefire.junit4.JUnit4Provider.execute(JUnit4Provider.java:316)
	at org.apache.maven.surefire.junit4.JUnit4Provider.executeWithRerun(JUnit4Provider.java:240)
	at org.apache.maven.surefire.junit4.JUnit4Provider.executeTestSet(JUnit4Provider.java:214)
	at org.apache.maven.surefire.junit4.JUnit4Provider.invoke(JUnit4Provider.java:155)
	at org.apache.maven.surefire.booter.ForkedBooter.runSuitesInProcess(ForkedBooter.java:385)
	at org.apache.maven.surefire.booter.ForkedBooter.execute(ForkedBooter.java:162)
	at org.apache.maven.surefire.booter.ForkedBooter.run(ForkedBooter.java:507)
	at org.apache.maven.surefire.booter.ForkedBooter.main(ForkedBooter.java:495)
java.io.FileNotFoundException: json/players.json (No such file or directory)
	at java.base/java.io.FileOutputStream.open0(Native Method)
	at java.base/java.io.FileOutputStream.open(FileOutputStream.java:293)
	at java.base/java.io.FileOutputStream.<init>(FileOutputStream.java:235)
	at java.base/java.io.FileOutputStream.<init>(FileOutputStream.java:123)
	at java.base/java.io.FileWriter.<init>(FileWriter.java:66)
	at com.excape/com.model.DataWriter.savePlayers(DataWriter.java:159)
	at com.excape/com.model.Players.saveProgress(Players.java:144)
	at com.excape/com.model.EscapeGameFacade.saveProgress(EscapeGameFacade.java:139)
	at com.excape/com.model.Puzzle.completePuzzle(Puzzle.java:41)
	at com.excape/com.model.Trivia.checkAnswer(Trivia.java:39)
	at com.excape/com.model.TestTrivia.testTriviaHandlesSequentialAnswerChecks(TestTrivia.java:196)
	at java.base/jdk.internal.reflect.NativeMethodAccessorImpl.invoke0(Native Method)
	at java.base/jdk.internal.reflect.NativeMethodAccessorImpl.invoke(NativeMethodAccessorImpl.java:77)
	at java.base/jdk.internal.reflect.DelegatingMethodAccessorImpl.invoke(DelegatingMethodAccessorImpl.java:43)
	at java.base/java.lang.reflect.Method.invoke(Method.java:569)
	at junit@4.13.2/org.junit.runners.model.FrameworkMethod$1.runReflectiveCall(FrameworkMethod.java:59)
	at junit@4.13.2/org.junit.internal.runners.model.ReflectiveCallable.run(ReflectiveCallable.java:12)
	at junit@4.13.2/org.junit.runners.model.FrameworkMethod.invokeExplosively(FrameworkMethod.java:56)
	at junit@4.13.2/org.junit.internal.runners.statements.InvokeMethod.evaluate(InvokeMethod.java:17)
	at junit@4.13.2/org.junit.internal.runners.statements.RunBefores.evaluate(RunBefores.java:26)
	at junit@4.13.2/org.junit.runners.ParentRunner$3.evaluate(ParentRunner.java:306)
	at junit@4.13.2/org.junit.runners.BlockJUnit4ClassRunner$1.evaluate(BlockJUnit4ClassRunner.java:100)
	at junit@4.13.2/org.junit.runners.ParentRunner.runLeaf(ParentRunner.java:366)
	at junit@4.13.2/org.junit.runners.BlockJUnit4ClassRunner.runChild(BlockJUnit4ClassRunner.java:103)
	at junit@4.13.2/org.junit.runners.BlockJUnit4ClassRunner.runChild(BlockJUnit4ClassRunner.java:63)
	at junit@4.13.2/org.junit.runners.ParentRunner$4.run(ParentRunner.java:331)
	at junit@4.13.2/org.junit.runners.ParentRunner$1.schedule(ParentRunner.java:79)
	at junit@4.13.2/org.junit.runners.ParentRunner.runChildren(ParentRunner.java:329)
	at junit@4.13.2/org.junit.runners.ParentRunner.access$100(ParentRunner.java:66)
	at junit@4.13.2/org.junit.runners.ParentRunner$2.evaluate(ParentRunner.java:293)
	at junit@4.13.2/org.junit.runners.ParentRunner$3.evaluate(ParentRunner.java:306)
	at junit@4.13.2/org.junit.runners.ParentRunner.run(ParentRunner.java:413)
	at org.apache.maven.surefire.junit4.JUnit4Provider.execute(JUnit4Provider.java:316)
	at org.apache.maven.surefire.junit4.JUnit4Provider.executeWithRerun(JUnit4Provider.java:240)
	at org.apache.maven.surefire.junit4.JUnit4Provider.executeTestSet(JUnit4Provider.java:214)
	at org.apache.maven.surefire.junit4.JUnit4Provider.invoke(JUnit4Provider.java:155)
	at org.apache.maven.surefire.booter.ForkedBooter.runSuitesInProcess(ForkedBooter.java:385)
	at org.apache.maven.surefire.booter.ForkedBooter.execute(ForkedBooter.java:162)
	at org.apache.maven.surefire.booter.ForkedBooter.run(ForkedBooter.java:507)
	at org.apache.maven.surefire.booter.ForkedBooter.main(ForkedBooter.java:495)
]]></system-err>
  </testcase>
  <testcase name="testCheckAnswerWithWhitespaceOnly" classname="com.model.TestTrivia" time="0.0">
    <system-out><![CDATA[STUB Puzzle.playSound() called - correct: false
]]></system-out>
  </testcase>
  <testcase name="testCheckAnswerWithExtraInternalSpacesFails" classname="com.model.TestTrivia" time="0.0">
    <system-out><![CDATA[STUB Puzzle.playSound() called - correct: false
]]></system-out>
  </testcase>
  <testcase name="testToStringWithTriviaText" classname="com.model.TestTrivia" time="0.0"/>
  <testcase name="testCheckAnswerLeadingWhitespace" classname="com.model.TestTrivia" time="0.0">
    <system-out><![CDATA[STUB Puzzle.playSound() called - correct: true
STUB Puzzle.playSound() called - correct: true
]]></system-out>
    <system-err><![CDATA[java.io.FileNotFoundException: json/players.json (No such file or directory)
	at java.base/java.io.FileOutputStream.open0(Native Method)
	at java.base/java.io.FileOutputStream.open(FileOutputStream.java:293)
	at java.base/java.io.FileOutputStream.<init>(FileOutputStream.java:235)
	at java.base/java.io.FileOutputStream.<init>(FileOutputStream.java:123)
	at java.base/java.io.FileWriter.<init>(FileWriter.java:66)
	at com.excape/com.model.DataWriter.savePlayers(DataWriter.java:159)
	at com.excape/com.model.Players.saveProgress(Players.java:144)
	at com.excape/com.model.EscapeGameFacade.saveProgress(EscapeGameFacade.java:139)
	at com.excape/com.model.Puzzle.completePuzzle(Puzzle.java:41)
	at com.excape/com.model.Trivia.checkAnswer(Trivia.java:39)
	at com.excape/com.model.TestTrivia.testCheckAnswerLeadingWhitespace(TestTrivia.java:58)
	at java.base/jdk.internal.reflect.NativeMethodAccessorImpl.invoke0(Native Method)
	at java.base/jdk.internal.reflect.NativeMethodAccessorImpl.invoke(NativeMethodAccessorImpl.java:77)
	at java.base/jdk.internal.reflect.DelegatingMethodAccessorImpl.invoke(DelegatingMethodAccessorImpl.java:43)
	at java.base/java.lang.reflect.Method.invoke(Method.java:569)
	at junit@4.13.2/org.junit.runners.model.FrameworkMethod$1.runReflectiveCall(FrameworkMethod.java:59)
	at junit@4.13.2/org.junit.internal.runners.model.ReflectiveCallable.run(ReflectiveCallable.java:12)
	at junit@4.13.2/org.junit.runners.model.FrameworkMethod.invokeExplosively(FrameworkMethod.java:56)
	at junit@4.13.2/org.junit.internal.runners.statements.InvokeMethod.evaluate(InvokeMethod.java:17)
	at junit@4.13.2/org.junit.internal.runners.statements.RunBefores.evaluate(RunBefores.java:26)
	at junit@4.13.2/org.junit.runners.ParentRunner$3.evaluate(ParentRunner.java:306)
	at junit@4.13.2/org.junit.runners.BlockJUnit4ClassRunner$1.evaluate(BlockJUnit4ClassRunner.java:100)
	at junit@4.13.2/org.junit.runners.ParentRunner.runLeaf(ParentRunner.java:366)
	at junit@4.13.2/org.junit.runners.BlockJUnit4ClassRunner.runChild(BlockJUnit4ClassRunner.java:103)
	at junit@4.13.2/org.junit.runners.BlockJUnit4ClassRunner.runChild(BlockJUnit4ClassRunner.java:63)
	at junit@4.13.2/org.junit.runners.ParentRunner$4.run(ParentRunner.java:331)
	at junit@4.13.2/org.junit.runners.ParentRunner$1.schedule(ParentRunner.java:79)
	at junit@4.13.2/org.junit.runners.ParentRunner.runChildren(ParentRunner.java:329)
	at junit@4.13.2/org.junit.runners.ParentRunner.access$100(ParentRunner.java:66)
	at junit@4.13.2/org.junit.runners.ParentRunner$2.evaluate(ParentRunner.java:293)
	at junit@4.13.2/org.junit.runners.ParentRunner$3.evaluate(ParentRunner.java:306)
	at junit@4.13.2/org.junit.runners.ParentRunner.run(ParentRunner.java:413)
	at org.apache.maven.surefire.junit4.JUnit4Provider.execute(JUnit4Provider.java:316)
	at org.apache.maven.surefire.junit4.JUnit4Provider.executeWithRerun(JUnit4Provider.java:240)
	at org.apache.maven.surefire.junit4.JUnit4Provider.executeTestSet(JUnit4Provider.java:214)
	at org.apache.maven.surefire.junit4.JUnit4Provider.invoke(JUnit4Provider.java:155)
	at org.apache.maven.surefire.booter.ForkedBooter.runSuitesInProcess(ForkedBooter.java:385)
	at org.apache.maven.surefire.booter.ForkedBooter.execute(ForkedBooter.java:162)
	at org.apache.maven.surefire.booter.ForkedBooter.run(ForkedBooter.java:507)
	at org.apache.maven.surefire.booter.ForkedBooter.main(ForkedBooter.java:495)
]]></system-err>
  </testcase>
  <testcase name="testCheckAnswerLeadingAndTrailingWhitespace" classname="com.model.TestTrivia" time="0.001">
    <system-out><![CDATA[STUB Puzzle.playSound() called - correct: true
STUB Puzzle.playSound() called - correct: true
]]></system-out>
    <system-err><![CDATA[java.io.FileNotFoundException: json/players.json (No such file or directory)
	at java.base/java.io.FileOutputStream.open0(Native Method)
	at java.base/java.io.FileOutputStream.open(FileOutputStream.java:293)
	at java.base/java.io.FileOutputStream.<init>(FileOutputStream.java:235)
	at java.base/java.io.FileOutputStream.<init>(FileOutputStream.java:123)
	at java.base/java.io.FileWriter.<init>(FileWriter.java:66)
	at com.excape/com.model.DataWriter.savePlayers(DataWriter.java:159)
	at com.excape/com.model.Players.saveProgress(Players.java:144)
	at com.excape/com.model.EscapeGameFacade.saveProgress(EscapeGameFacade.java:139)
	at com.excape/com.model.Puzzle.completePuzzle(Puzzle.java:41)
	at com.excape/com.model.Trivia.checkAnswer(Trivia.java:39)
	at com.excape/com.model.TestTrivia.testCheckAnswerLeadingAndTrailingWhitespace(TestTrivia.java:68)
	at java.base/jdk.internal.reflect.NativeMethodAccessorImpl.invoke0(Native Method)
	at java.base/jdk.internal.reflect.NativeMethodAccessorImpl.invoke(NativeMethodAccessorImpl.java:77)
	at java.base/jdk.internal.reflect.DelegatingMethodAccessorImpl.invoke(DelegatingMethodAccessorImpl.java:43)
	at java.base/java.lang.reflect.Method.invoke(Method.java:569)
	at junit@4.13.2/org.junit.runners.model.FrameworkMethod$1.runReflectiveCall(FrameworkMethod.java:59)
	at junit@4.13.2/org.junit.internal.runners.model.ReflectiveCallable.run(ReflectiveCallable.java:12)
	at junit@4.13.2/org.junit.runners.model.FrameworkMethod.invokeExplosively(FrameworkMethod.java:56)
	at junit@4.13.2/org.junit.internal.runners.statements.InvokeMethod.evaluate(InvokeMethod.java:17)
	at junit@4.13.2/org.junit.internal.runners.statements.RunBefores.evaluate(RunBefores.java:26)
	at junit@4.13.2/org.junit.runners.ParentRunner$3.evaluate(ParentRunner.java:306)
	at junit@4.13.2/org.junit.runners.BlockJUnit4ClassRunner$1.evaluate(BlockJUnit4ClassRunner.java:100)
	at junit@4.13.2/org.junit.runners.ParentRunner.runLeaf(ParentRunner.java:366)
	at junit@4.13.2/org.junit.runners.BlockJUnit4ClassRunner.runChild(BlockJUnit4ClassRunner.java:103)
	at junit@4.13.2/org.junit.runners.BlockJUnit4ClassRunner.runChild(BlockJUnit4ClassRunner.java:63)
	at junit@4.13.2/org.junit.runners.ParentRunner$4.run(ParentRunner.java:331)
	at junit@4.13.2/org.junit.runners.ParentRunner$1.schedule(ParentRunner.java:79)
	at junit@4.13.2/org.junit.runners.ParentRunner.runChildren(ParentRunner.java:329)
	at junit@4.13.2/org.junit.runners.ParentRunner.access$100(ParentRunner.java:66)
	at junit@4.13.2/org.junit.runners.ParentRunner$2.evaluate(ParentRunner.java:293)
	at junit@4.13.2/org.junit.runners.ParentRunner$3.evaluate(ParentRunner.java:306)
	at junit@4.13.2/org.junit.runners.ParentRunner.run(ParentRunner.java:413)
	at org.apache.maven.surefire.junit4.JUnit4Provider.execute(JUnit4Provider.java:316)
	at org.apache.maven.surefire.junit4.JUnit4Provider.executeWithRerun(JUnit4Provider.java:240)
	at org.apache.maven.surefire.junit4.JUnit4Provider.executeTestSet(JUnit4Provider.java:214)
	at org.apache.maven.surefire.junit4.JUnit4Provider.invoke(JUnit4Provider.java:155)
	at org.apache.maven.surefire.booter.ForkedBooter.runSuitesInProcess(ForkedBooter.java:385)
	at org.apache.maven.surefire.booter.ForkedBooter.execute(ForkedBooter.java:162)
	at org.apache.maven.surefire.booter.ForkedBooter.run(ForkedBooter.java:507)
	at org.apache.maven.surefire.booter.ForkedBooter.main(ForkedBooter.java:495)
]]></system-err>
  </testcase>
  <testcase name="testCompleteTriviaWorkflow" classname="com.model.TestTrivia" time="0.001">
    <system-out><![CDATA[STUB Puzzle.playSound() called - correct: false
STUB Puzzle.playSound() called - correct: true
STUB Puzzle.playSound() called - correct: true
STUB Puzzle.playSound() called - correct: true
STUB Puzzle.playSound() called - correct: true
]]></system-out>
    <system-err><![CDATA[java.io.FileNotFoundException: json/players.json (No such file or directory)
	at java.base/java.io.FileOutputStream.open0(Native Method)
	at java.base/java.io.FileOutputStream.open(FileOutputStream.java:293)
	at java.base/java.io.FileOutputStream.<init>(FileOutputStream.java:235)
	at java.base/java.io.FileOutputStream.<init>(FileOutputStream.java:123)
	at java.base/java.io.FileWriter.<init>(FileWriter.java:66)
	at com.excape/com.model.DataWriter.savePlayers(DataWriter.java:159)
	at com.excape/com.model.Players.saveProgress(Players.java:144)
	at com.excape/com.model.EscapeGameFacade.saveProgress(EscapeGameFacade.java:139)
	at com.excape/com.model.Puzzle.completePuzzle(Puzzle.java:41)
	at com.excape/com.model.Trivia.checkAnswer(Trivia.java:39)
	at com.excape/com.model.TestTrivia.testCompleteTriviaWorkflow(TestTrivia.java:169)
	at java.base/jdk.internal.reflect.NativeMethodAccessorImpl.invoke0(Native Method)
	at java.base/jdk.internal.reflect.NativeMethodAccessorImpl.invoke(NativeMethodAccessorImpl.java:77)
	at java.base/jdk.internal.reflect.DelegatingMethodAccessorImpl.invoke(DelegatingMethodAccessorImpl.java:43)
	at java.base/java.lang.reflect.Method.invoke(Method.java:569)
	at junit@4.13.2/org.junit.runners.model.FrameworkMethod$1.runReflectiveCall(FrameworkMethod.java:59)
	at junit@4.13.2/org.junit.internal.runners.model.ReflectiveCallable.run(ReflectiveCallable.java:12)
	at junit@4.13.2/org.junit.runners.model.FrameworkMethod.invokeExplosively(FrameworkMethod.java:56)
	at junit@4.13.2/org.junit.internal.runners.statements.InvokeMethod.evaluate(InvokeMethod.java:17)
	at junit@4.13.2/org.junit.internal.runners.statements.RunBefores.evaluate(RunBefores.java:26)
	at junit@4.13.2/org.junit.runners.ParentRunner$3.evaluate(ParentRunner.java:306)
	at junit@4.13.2/org.junit.runners.BlockJUnit4ClassRunner$1.evaluate(BlockJUnit4ClassRunner.java:100)
	at junit@4.13.2/org.junit.runners.ParentRunner.runLeaf(ParentRunner.java:366)
	at junit@4.13.2/org.junit.runners.BlockJUnit4ClassRunner.runChild(BlockJUnit4ClassRunner.java:103)
	at junit@4.13.2/org.junit.runners.BlockJUnit4ClassRunner.runChild(BlockJUnit4ClassRunner.java:63)
	at junit@4.13.2/org.junit.runners.ParentRunner$4.run(ParentRunner.java:331)
	at junit@4.13.2/org.junit.runners.ParentRunner$1.schedule(ParentRunner.java:79)
	at junit@4.13.2/org.junit.runners.ParentRunner.runChildren(ParentRunner.java:329)
	at junit@4.13.2/org.junit.runners.ParentRunner.access$100(ParentRunner.java:66)
	at junit@4.13.2/org.junit.runners.ParentRunner$2.evaluate(ParentRunner.java:293)
	at junit@4.13.2/org.junit.runners.ParentRunner$3.evaluate(ParentRunner.java:306)
	at junit@4.13.2/org.junit.runners.ParentRunner.run(ParentRunner.java:413)
	at org.apache.maven.surefire.junit4.JUnit4Provider.execute(JUnit4Provider.java:316)
	at org.apache.maven.surefire.junit4.JUnit4Provider.executeWithRerun(JUnit4Provider.java:240)
	at org.apache.maven.surefire.junit4.JUnit4Provider.executeTestSet(JUnit4Provider.java:214)
	at org.apache.maven.surefire.junit4.JUnit4Provider.invoke(JUnit4Provider.java:155)
	at org.apache.maven.surefire.booter.ForkedBooter.runSuitesInProcess(ForkedBooter.java:385)
	at org.apache.maven.surefire.booter.ForkedBooter.execute(ForkedBooter.java:162)
	at org.apache.maven.surefire.booter.ForkedBooter.run(ForkedBooter.java:507)
	at org.apache.maven.surefire.booter.ForkedBooter.main(ForkedBooter.java:495)
java.io.FileNotFoundException: json/players.json (No such file or directory)
	at java.base/java.io.FileOutputStream.open0(Native Method)
	at java.base/java.io.FileOutputStream.open(FileOutputStream.java:293)
	at java.base/java.io.FileOutputStream.<init>(FileOutputStream.java:235)
	at java.base/java.io.FileOutputStream.<init>(FileOutputStream.java:123)
	at java.base/java.io.FileWriter.<init>(FileWriter.java:66)
	at com.excape/com.model.DataWriter.savePlayers(DataWriter.java:159)
	at com.excape/com.model.Players.saveProgress(Players.java:144)
	at com.excape/com.model.EscapeGameFacade.saveProgress(EscapeGameFacade.java:139)
	at com.excape/com.model.Puzzle.completePuzzle(Puzzle.java:41)
	at com.excape/com.model.Trivia.checkAnswer(Trivia.java:39)
	at com.excape/com.model.TestTrivia.testCompleteTriviaWorkflow(TestTrivia.java:170)
	at java.base/jdk.internal.reflect.NativeMethodAccessorImpl.invoke0(Native Method)
	at java.base/jdk.internal.reflect.NativeMethodAccessorImpl.invoke(NativeMethodAccessorImpl.java:77)
	at java.base/jdk.internal.reflect.DelegatingMethodAccessorImpl.invoke(DelegatingMethodAccessorImpl.java:43)
	at java.base/java.lang.reflect.Method.invoke(Method.java:569)
	at junit@4.13.2/org.junit.runners.model.FrameworkMethod$1.runReflectiveCall(FrameworkMethod.java:59)
	at junit@4.13.2/org.junit.internal.runners.model.ReflectiveCallable.run(ReflectiveCallable.java:12)
	at junit@4.13.2/org.junit.runners.model.FrameworkMethod.invokeExplosively(FrameworkMethod.java:56)
	at junit@4.13.2/org.junit.internal.runners.statements.InvokeMethod.evaluate(InvokeMethod.java:17)
	at junit@4.13.2/org.junit.internal.runners.statements.RunBefores.evaluate(RunBefores.java:26)
	at junit@4.13.2/org.junit.runners.ParentRunner$3.evaluate(ParentRunner.java:306)
	at junit@4.13.2/org.junit.runners.BlockJUnit4ClassRunner$1.evaluate(BlockJUnit4ClassRunner.java:100)
	at junit@4.13.2/org.junit.runners.ParentRunner.runLeaf(ParentRunner.java:366)
	at junit@4.13.2/org.junit.runners.BlockJUnit4ClassRunner.runChild(BlockJUnit4ClassRunner.java:103)
	at junit@4.13.2/org.junit.runners.BlockJUnit4ClassRunner.runChild(BlockJUnit4ClassRunner.java:63)
	at junit@4.13.2/org.junit.runners.ParentRunner$4.run(ParentRunner.java:331)
	at junit@4.13.2/org.junit.runners.ParentRunner$1.schedule(ParentRunner.java:79)
	at junit@4.13.2/org.junit.runners.ParentRunner.runChildren(ParentRunner.java:329)
	at junit@4.13.2/org.junit.runners.ParentRunner.access$100(ParentRunner.java:66)
	at junit@4.13.2/org.junit.runners.ParentRunner$2.evaluate(ParentRunner.java:293)
	at junit@4.13.2/org.junit.runners.ParentRunner$3.evaluate(ParentRunner.java:306)
	at junit@4.13.2/org.junit.runners.ParentRunner.run(ParentRunner.java:413)
	at org.apache.maven.surefire.junit4.JUnit4Provider.execute(JUnit4Provider.java:316)
	at org.apache.maven.surefire.junit4.JUnit4Provider.executeWithRerun(JUnit4Provider.java:240)
	at org.apache.maven.surefire.junit4.JUnit4Provider.executeTestSet(JUnit4Provider.java:214)
	at org.apache.maven.surefire.junit4.JUnit4Provider.invoke(JUnit4Provider.java:155)
	at org.apache.maven.surefire.booter.ForkedBooter.runSuitesInProcess(ForkedBooter.java:385)
	at org.apache.maven.surefire.booter.ForkedBooter.execute(ForkedBooter.java:162)
	at org.apache.maven.surefire.booter.ForkedBooter.run(ForkedBooter.java:507)
	at org.apache.maven.surefire.booter.ForkedBooter.main(ForkedBooter.java:495)
]]></system-err>
  </testcase>
  <testcase name="testCheckAnswerWithEmptyCorrectAnswer" classname="com.model.TestTrivia" time="0.0">
    <system-out><![CDATA[STUB Puzzle.playSound() called - correct: false
]]></system-out>
  </testcase>
  <testcase name="testCheckAnswerWithEmptyString" classname="com.model.TestTrivia" time="0.0">
    <system-out><![CDATA[STUB Puzzle.playSound() called - correct: false
]]></system-out>
  </testcase>
  <testcase name="testCheckAnswerWithSpecialCharacters" classname="com.model.TestTrivia" time="0.0">
    <system-out><![CDATA[STUB Puzzle.playSound() called - correct: true
STUB Puzzle.playSound() called - correct: true
STUB Puzzle.playSound() called - correct: false
]]></system-out>
    <system-err><![CDATA[java.io.FileNotFoundException: json/players.json (No such file or directory)
	at java.base/java.io.FileOutputStream.open0(Native Method)
	at java.base/java.io.FileOutputStream.open(FileOutputStream.java:293)
	at java.base/java.io.FileOutputStream.<init>(FileOutputStream.java:235)
	at java.base/java.io.FileOutputStream.<init>(FileOutputStream.java:123)
	at java.base/java.io.FileWriter.<init>(FileWriter.java:66)
	at com.excape/com.model.DataWriter.savePlayers(DataWriter.java:159)
	at com.excape/com.model.Players.saveProgress(Players.java:144)
	at com.excape/com.model.EscapeGameFacade.saveProgress(EscapeGameFacade.java:139)
	at com.excape/com.model.Puzzle.completePuzzle(Puzzle.java:41)
	at com.excape/com.model.Trivia.checkAnswer(Trivia.java:39)
	at com.excape/com.model.TestTrivia.testCheckAnswerWithSpecialCharacters(TestTrivia.java:118)
	at java.base/jdk.internal.reflect.NativeMethodAccessorImpl.invoke0(Native Method)
	at java.base/jdk.internal.reflect.NativeMethodAccessorImpl.invoke(NativeMethodAccessorImpl.java:77)
	at java.base/jdk.internal.reflect.DelegatingMethodAccessorImpl.invoke(DelegatingMethodAccessorImpl.java:43)
	at java.base/java.lang.reflect.Method.invoke(Method.java:569)
	at junit@4.13.2/org.junit.runners.model.FrameworkMethod$1.runReflectiveCall(FrameworkMethod.java:59)
	at junit@4.13.2/org.junit.internal.runners.model.ReflectiveCallable.run(ReflectiveCallable.java:12)
	at junit@4.13.2/org.junit.runners.model.FrameworkMethod.invokeExplosively(FrameworkMethod.java:56)
	at junit@4.13.2/org.junit.internal.runners.statements.InvokeMethod.evaluate(InvokeMethod.java:17)
	at junit@4.13.2/org.junit.internal.runners.statements.RunBefores.evaluate(RunBefores.java:26)
	at junit@4.13.2/org.junit.runners.ParentRunner$3.evaluate(ParentRunner.java:306)
	at junit@4.13.2/org.junit.runners.BlockJUnit4ClassRunner$1.evaluate(BlockJUnit4ClassRunner.java:100)
	at junit@4.13.2/org.junit.runners.ParentRunner.runLeaf(ParentRunner.java:366)
	at junit@4.13.2/org.junit.runners.BlockJUnit4ClassRunner.runChild(BlockJUnit4ClassRunner.java:103)
	at junit@4.13.2/org.junit.runners.BlockJUnit4ClassRunner.runChild(BlockJUnit4ClassRunner.java:63)
	at junit@4.13.2/org.junit.runners.ParentRunner$4.run(ParentRunner.java:331)
	at junit@4.13.2/org.junit.runners.ParentRunner$1.schedule(ParentRunner.java:79)
	at junit@4.13.2/org.junit.runners.ParentRunner.runChildren(ParentRunner.java:329)
	at junit@4.13.2/org.junit.runners.ParentRunner.access$100(ParentRunner.java:66)
	at junit@4.13.2/org.junit.runners.ParentRunner$2.evaluate(ParentRunner.java:293)
	at junit@4.13.2/org.junit.runners.ParentRunner$3.evaluate(ParentRunner.java:306)
	at junit@4.13.2/org.junit.runners.ParentRunner.run(ParentRunner.java:413)
	at org.apache.maven.surefire.junit4.JUnit4Provider.execute(JUnit4Provider.java:316)
	at org.apache.maven.surefire.junit4.JUnit4Provider.executeWithRerun(JUnit4Provider.java:240)
	at org.apache.maven.surefire.junit4.JUnit4Provider.executeTestSet(JUnit4Provider.java:214)
	at org.apache.maven.surefire.junit4.JUnit4Provider.invoke(JUnit4Provider.java:155)
	at org.apache.maven.surefire.booter.ForkedBooter.runSuitesInProcess(ForkedBooter.java:385)
	at org.apache.maven.surefire.booter.ForkedBooter.execute(ForkedBooter.java:162)
	at org.apache.maven.surefire.booter.ForkedBooter.run(ForkedBooter.java:507)
	at org.apache.maven.surefire.booter.ForkedBooter.main(ForkedBooter.java:495)
]]></system-err>
  </testcase>
  <testcase name="testToStringWithEmptyTriviaText" classname="com.model.TestTrivia" time="0.0"/>
  <testcase name="testTriviaWithNumericAnswer" classname="com.model.TestTrivia" time="0.001">
    <system-out><![CDATA[STUB Puzzle.playSound() called - correct: true
STUB Puzzle.playSound() called - correct: true
STUB Puzzle.playSound() called - correct: false
]]></system-out>
    <system-err><![CDATA[java.io.FileNotFoundException: json/players.json (No such file or directory)
	at java.base/java.io.FileOutputStream.open0(Native Method)
	at java.base/java.io.FileOutputStream.open(FileOutputStream.java:293)
	at java.base/java.io.FileOutputStream.<init>(FileOutputStream.java:235)
	at java.base/java.io.FileOutputStream.<init>(FileOutputStream.java:123)
	at java.base/java.io.FileWriter.<init>(FileWriter.java:66)
	at com.excape/com.model.DataWriter.savePlayers(DataWriter.java:159)
	at com.excape/com.model.Players.saveProgress(Players.java:144)
	at com.excape/com.model.EscapeGameFacade.saveProgress(EscapeGameFacade.java:139)
	at com.excape/com.model.Puzzle.completePuzzle(Puzzle.java:41)
	at com.excape/com.model.Trivia.checkAnswer(Trivia.java:39)
	at com.excape/com.model.TestTrivia.testTriviaWithNumericAnswer(TestTrivia.java:179)
	at java.base/jdk.internal.reflect.NativeMethodAccessorImpl.invoke0(Native Method)
	at java.base/jdk.internal.reflect.NativeMethodAccessorImpl.invoke(NativeMethodAccessorImpl.java:77)
	at java.base/jdk.internal.reflect.DelegatingMethodAccessorImpl.invoke(DelegatingMethodAccessorImpl.java:43)
	at java.base/java.lang.reflect.Method.invoke(Method.java:569)
	at junit@4.13.2/org.junit.runners.model.FrameworkMethod$1.runReflectiveCall(FrameworkMethod.java:59)
	at junit@4.13.2/org.junit.internal.runners.model.ReflectiveCallable.run(ReflectiveCallable.java:12)
	at junit@4.13.2/org.junit.runners.model.FrameworkMethod.invokeExplosively(FrameworkMethod.java:56)
	at junit@4.13.2/org.junit.internal.runners.statements.InvokeMethod.evaluate(InvokeMethod.java:17)
	at junit@4.13.2/org.junit.internal.runners.statements.RunBefores.evaluate(RunBefores.java:26)
	at junit@4.13.2/org.junit.runners.ParentRunner$3.evaluate(ParentRunner.java:306)
	at junit@4.13.2/org.junit.runners.BlockJUnit4ClassRunner$1.evaluate(BlockJUnit4ClassRunner.java:100)
	at junit@4.13.2/org.junit.runners.ParentRunner.runLeaf(ParentRunner.java:366)
	at junit@4.13.2/org.junit.runners.BlockJUnit4ClassRunner.runChild(BlockJUnit4ClassRunner.java:103)
	at junit@4.13.2/org.junit.runners.BlockJUnit4ClassRunner.runChild(BlockJUnit4ClassRunner.java:63)
	at junit@4.13.2/org.junit.runners.ParentRunner$4.run(ParentRunner.java:331)
	at junit@4.13.2/org.junit.runners.ParentRunner$1.schedule(ParentRunner.java:79)
	at junit@4.13.2/org.junit.runners.ParentRunner.runChildren(ParentRunner.java:329)
	at junit@4.13.2/org.junit.runners.ParentRunner.access$100(ParentRunner.java:66)
	at junit@4.13.2/org.junit.runners.ParentRunner$2.evaluate(ParentRunner.java:293)
	at junit@4.13.2/org.junit.runners.ParentRunner$3.evaluate(ParentRunner.java:306)
	at junit@4.13.2/org.junit.runners.ParentRunner.run(ParentRunner.java:413)
	at org.apache.maven.surefire.junit4.JUnit4Provider.execute(JUnit4Provider.java:316)
	at org.apache.maven.surefire.junit4.JUnit4Provider.executeWithRerun(JUnit4Provider.java:240)
	at org.apache.maven.surefire.junit4.JUnit4Provider.executeTestSet(JUnit4Provider.java:214)
	at org.apache.maven.surefire.junit4.JUnit4Provider.invoke(JUnit4Provider.java:155)
	at org.apache.maven.surefire.booter.ForkedBooter.runSuitesInProcess(ForkedBooter.java:385)
	at org.apache.maven.surefire.booter.ForkedBooter.execute(ForkedBooter.java:162)
	at org.apache.maven.surefire.booter.ForkedBooter.run(ForkedBooter.java:507)
	at org.apache.maven.surefire.booter.ForkedBooter.main(ForkedBooter.java:495)
]]></system-err>
  </testcase>
  <testcase name="testTriviaMaintainsDataIntegrityAfterChecks" classname="com.model.TestTrivia" time="0.0">
    <system-out><![CDATA[STUB Puzzle.playSound() called - correct: true
STUB Puzzle.playSound() called - correct: true
STUB Puzzle.playSound() called - correct: false
]]></system-out>
    <system-err><![CDATA[java.io.FileNotFoundException: json/players.json (No such file or directory)
	at java.base/java.io.FileOutputStream.open0(Native Method)
	at java.base/java.io.FileOutputStream.open(FileOutputStream.java:293)
	at java.base/java.io.FileOutputStream.<init>(FileOutputStream.java:235)
	at java.base/java.io.FileOutputStream.<init>(FileOutputStream.java:123)
	at java.base/java.io.FileWriter.<init>(FileWriter.java:66)
	at com.excape/com.model.DataWriter.savePlayers(DataWriter.java:159)
	at com.excape/com.model.Players.saveProgress(Players.java:144)
	at com.excape/com.model.EscapeGameFacade.saveProgress(EscapeGameFacade.java:139)
	at com.excape/com.model.Puzzle.completePuzzle(Puzzle.java:41)
	at com.excape/com.model.Trivia.checkAnswer(Trivia.java:39)
	at com.excape/com.model.TestTrivia.testTriviaMaintainsDataIntegrityAfterChecks(TestTrivia.java:204)
	at java.base/jdk.internal.reflect.NativeMethodAccessorImpl.invoke0(Native Method)
	at java.base/jdk.internal.reflect.NativeMethodAccessorImpl.invoke(NativeMethodAccessorImpl.java:77)
	at java.base/jdk.internal.reflect.DelegatingMethodAccessorImpl.invoke(DelegatingMethodAccessorImpl.java:43)
	at java.base/java.lang.reflect.Method.invoke(Method.java:569)
	at junit@4.13.2/org.junit.runners.model.FrameworkMethod$1.runReflectiveCall(FrameworkMethod.java:59)
	at junit@4.13.2/org.junit.internal.runners.model.ReflectiveCallable.run(ReflectiveCallable.java:12)
	at junit@4.13.2/org.junit.runners.model.FrameworkMethod.invokeExplosively(FrameworkMethod.java:56)
	at junit@4.13.2/org.junit.internal.runners.statements.InvokeMethod.evaluate(InvokeMethod.java:17)
	at junit@4.13.2/org.junit.internal.runners.statements.RunBefores.evaluate(RunBefores.java:26)
	at junit@4.13.2/org.junit.runners.ParentRunner$3.evaluate(ParentRunner.java:306)
	at junit@4.13.2/org.junit.runners.BlockJUnit4ClassRunner$1.evaluate(BlockJUnit4ClassRunner.java:100)
	at junit@4.13.2/org.junit.runners.ParentRunner.runLeaf(ParentRunner.java:366)
	at junit@4.13.2/org.junit.runners.BlockJUnit4ClassRunner.runChild(BlockJUnit4ClassRunner.java:103)
	at junit@4.13.2/org.junit.runners.BlockJUnit4ClassRunner.runChild(BlockJUnit4ClassRunner.java:63)
	at junit@4.13.2/org.junit.runners.ParentRunner$4.run(ParentRunner.java:331)
	at junit@4.13.2/org.junit.runners.ParentRunner$1.schedule(ParentRunner.java:79)
	at junit@4.13.2/org.junit.runners.ParentRunner.runChildren(ParentRunner.java:329)
	at junit@4.13.2/org.junit.runners.ParentRunner.access$100(ParentRunner.java:66)
	at junit@4.13.2/org.junit.runners.ParentRunner$2.evaluate(ParentRunner.java:293)
	at junit@4.13.2/org.junit.runners.ParentRunner$3.evaluate(ParentRunner.java:306)
	at junit@4.13.2/org.junit.runners.ParentRunner.run(ParentRunner.java:413)
	at org.apache.maven.surefire.junit4.JUnit4Provider.execute(JUnit4Provider.java:316)
	at org.apache.maven.surefire.junit4.JUnit4Provider.executeWithRerun(JUnit4Provider.java:240)
	at org.apache.maven.surefire.junit4.JUnit4Provider.executeTestSet(JUnit4Provider.java:214)
	at org.apache.maven.surefire.junit4.JUnit4Provider.invoke(JUnit4Provider.java:155)
	at org.apache.maven.surefire.booter.ForkedBooter.runSuitesInProcess(ForkedBooter.java:385)
	at org.apache.maven.surefire.booter.ForkedBooter.execute(ForkedBooter.java:162)
	at org.apache.maven.surefire.booter.ForkedBooter.run(ForkedBooter.java:507)
	at org.apache.maven.surefire.booter.ForkedBooter.main(ForkedBooter.java:495)
]]></system-err>
  </testcase>
  <testcase name="testCheckAnswerExactMatch" classname="com.model.TestTrivia" time="0.0">
    <system-out><![CDATA[STUB Puzzle.playSound() called - correct: true
STUB Puzzle.playSound() called - correct: true
]]></system-out>
    <system-err><![CDATA[java.io.FileNotFoundException: json/players.json (No such file or directory)
	at java.base/java.io.FileOutputStream.open0(Native Method)
	at java.base/java.io.FileOutputStream.open(FileOutputStream.java:293)
	at java.base/java.io.FileOutputStream.<init>(FileOutputStream.java:235)
	at java.base/java.io.FileOutputStream.<init>(FileOutputStream.java:123)
	at java.base/java.io.FileWriter.<init>(FileWriter.java:66)
	at com.excape/com.model.DataWriter.savePlayers(DataWriter.java:159)
	at com.excape/com.model.Players.saveProgress(Players.java:144)
	at com.excape/com.model.EscapeGameFacade.saveProgress(EscapeGameFacade.java:139)
	at com.excape/com.model.Puzzle.completePuzzle(Puzzle.java:41)
	at com.excape/com.model.Trivia.checkAnswer(Trivia.java:39)
	at com.excape/com.model.TestTrivia.testCheckAnswerExactMatch(TestTrivia.java:41)
	at java.base/jdk.internal.reflect.NativeMethodAccessorImpl.invoke0(Native Method)
	at java.base/jdk.internal.reflect.NativeMethodAccessorImpl.invoke(NativeMethodAccessorImpl.java:77)
	at java.base/jdk.internal.reflect.DelegatingMethodAccessorImpl.invoke(DelegatingMethodAccessorImpl.java:43)
	at java.base/java.lang.reflect.Method.invoke(Method.java:569)
	at junit@4.13.2/org.junit.runners.model.FrameworkMethod$1.runReflectiveCall(FrameworkMethod.java:59)
	at junit@4.13.2/org.junit.internal.runners.model.ReflectiveCallable.run(ReflectiveCallable.java:12)
	at junit@4.13.2/org.junit.runners.model.FrameworkMethod.invokeExplosively(FrameworkMethod.java:56)
	at junit@4.13.2/org.junit.internal.runners.statements.InvokeMethod.evaluate(InvokeMethod.java:17)
	at junit@4.13.2/org.junit.internal.runners.statements.RunBefores.evaluate(RunBefores.java:26)
	at junit@4.13.2/org.junit.runners.ParentRunner$3.evaluate(ParentRunner.java:306)
	at junit@4.13.2/org.junit.runners.BlockJUnit4ClassRunner$1.evaluate(BlockJUnit4ClassRunner.java:100)
	at junit@4.13.2/org.junit.runners.ParentRunner.runLeaf(ParentRunner.java:366)
	at junit@4.13.2/org.junit.runners.BlockJUnit4ClassRunner.runChild(BlockJUnit4ClassRunner.java:103)
	at junit@4.13.2/org.junit.runners.BlockJUnit4ClassRunner.runChild(BlockJUnit4ClassRunner.java:63)
	at junit@4.13.2/org.junit.runners.ParentRunner$4.run(ParentRunner.java:331)
	at junit@4.13.2/org.junit.runners.ParentRunner$1.schedule(ParentRunner.java:79)
	at junit@4.13.2/org.junit.runners.ParentRunner.runChildren(ParentRunner.java:329)
	at junit@4.13.2/org.junit.runners.ParentRunner.access$100(ParentRunner.java:66)
	at junit@4.13.2/org.junit.runners.ParentRunner$2.evaluate(ParentRunner.java:293)
	at junit@4.13.2/org.junit.runners.ParentRunner$3.evaluate(ParentRunner.java:306)
	at junit@4.13.2/org.junit.runners.ParentRunner.run(ParentRunner.java:413)
	at org.apache.maven.surefire.junit4.JUnit4Provider.execute(JUnit4Provider.java:316)
	at org.apache.maven.surefire.junit4.JUnit4Provider.executeWithRerun(JUnit4Provider.java:240)
	at org.apache.maven.surefire.junit4.JUnit4Provider.executeTestSet(JUnit4Provider.java:214)
	at org.apache.maven.surefire.junit4.JUnit4Provider.invoke(JUnit4Provider.java:155)
	at org.apache.maven.surefire.booter.ForkedBooter.runSuitesInProcess(ForkedBooter.java:385)
	at org.apache.maven.surefire.booter.ForkedBooter.execute(ForkedBooter.java:162)
	at org.apache.maven.surefire.booter.ForkedBooter.run(ForkedBooter.java:507)
	at org.apache.maven.surefire.booter.ForkedBooter.main(ForkedBooter.java:495)
]]></system-err>
  </testcase>
  <testcase name="testTriviaAnswerCaseSensitivity" classname="com.model.TestTrivia" time="0.001">
    <system-out><![CDATA[STUB Puzzle.playSound() called - correct: true
STUB Puzzle.playSound() called - correct: true
STUB Puzzle.playSound() called - correct: true
STUB Puzzle.playSound() called - correct: true
STUB Puzzle.playSound() called - correct: true
STUB Puzzle.playSound() called - correct: true
]]></system-out>
    <system-err><![CDATA[java.io.FileNotFoundException: json/players.json (No such file or directory)
	at java.base/java.io.FileOutputStream.open0(Native Method)
	at java.base/java.io.FileOutputStream.open(FileOutputStream.java:293)
	at java.base/java.io.FileOutputStream.<init>(FileOutputStream.java:235)
	at java.base/java.io.FileOutputStream.<init>(FileOutputStream.java:123)
	at java.base/java.io.FileWriter.<init>(FileWriter.java:66)
	at com.excape/com.model.DataWriter.savePlayers(DataWriter.java:159)
	at com.excape/com.model.Players.saveProgress(Players.java:144)
	at com.excape/com.model.EscapeGameFacade.saveProgress(EscapeGameFacade.java:139)
	at com.excape/com.model.Puzzle.completePuzzle(Puzzle.java:41)
	at com.excape/com.model.Trivia.checkAnswer(Trivia.java:39)
	at com.excape/com.model.TestTrivia.testTriviaAnswerCaseSensitivity(TestTrivia.java:186)
	at java.base/jdk.internal.reflect.NativeMethodAccessorImpl.invoke0(Native Method)
	at java.base/jdk.internal.reflect.NativeMethodAccessorImpl.invoke(NativeMethodAccessorImpl.java:77)
	at java.base/jdk.internal.reflect.DelegatingMethodAccessorImpl.invoke(DelegatingMethodAccessorImpl.java:43)
	at java.base/java.lang.reflect.Method.invoke(Method.java:569)
	at junit@4.13.2/org.junit.runners.model.FrameworkMethod$1.runReflectiveCall(FrameworkMethod.java:59)
	at junit@4.13.2/org.junit.internal.runners.model.ReflectiveCallable.run(ReflectiveCallable.java:12)
	at junit@4.13.2/org.junit.runners.model.FrameworkMethod.invokeExplosively(FrameworkMethod.java:56)
	at junit@4.13.2/org.junit.internal.runners.statements.InvokeMethod.evaluate(InvokeMethod.java:17)
	at junit@4.13.2/org.junit.internal.runners.statements.RunBefores.evaluate(RunBefores.java:26)
	at junit@4.13.2/org.junit.runners.ParentRunner$3.evaluate(ParentRunner.java:306)
	at junit@4.13.2/org.junit.runners.BlockJUnit4ClassRunner$1.evaluate(BlockJUnit4ClassRunner.java:100)
	at junit@4.13.2/org.junit.runners.ParentRunner.runLeaf(ParentRunner.java:366)
	at junit@4.13.2/org.junit.runners.BlockJUnit4ClassRunner.runChild(BlockJUnit4ClassRunner.java:103)
	at junit@4.13.2/org.junit.runners.BlockJUnit4ClassRunner.runChild(BlockJUnit4ClassRunner.java:63)
	at junit@4.13.2/org.junit.runners.ParentRunner$4.run(ParentRunner.java:331)
	at junit@4.13.2/org.junit.runners.ParentRunner$1.schedule(ParentRunner.java:79)
	at junit@4.13.2/org.junit.runners.ParentRunner.runChildren(ParentRunner.java:329)
	at junit@4.13.2/org.junit.runners.ParentRunner.access$100(ParentRunner.java:66)
	at junit@4.13.2/org.junit.runners.ParentRunner$2.evaluate(ParentRunner.java:293)
	at junit@4.13.2/org.junit.runners.ParentRunner$3.evaluate(ParentRunner.java:306)
	at junit@4.13.2/org.junit.runners.ParentRunner.run(ParentRunner.java:413)
	at org.apache.maven.surefire.junit4.JUnit4Provider.execute(JUnit4Provider.java:316)
	at org.apache.maven.surefire.junit4.JUnit4Provider.executeWithRerun(JUnit4Provider.java:240)
	at org.apache.maven.surefire.junit4.JUnit4Provider.executeTestSet(JUnit4Provider.java:214)
	at org.apache.maven.surefire.junit4.JUnit4Provider.invoke(JUnit4Provider.java:155)
	at org.apache.maven.surefire.booter.ForkedBooter.runSuitesInProcess(ForkedBooter.java:385)
	at org.apache.maven.surefire.booter.ForkedBooter.execute(ForkedBooter.java:162)
	at org.apache.maven.surefire.booter.ForkedBooter.run(ForkedBooter.java:507)
	at org.apache.maven.surefire.booter.ForkedBooter.main(ForkedBooter.java:495)
java.io.FileNotFoundException: json/players.json (No such file or directory)
	at java.base/java.io.FileOutputStream.open0(Native Method)
	at java.base/java.io.FileOutputStream.open(FileOutputStream.java:293)
	at java.base/java.io.FileOutputStream.<init>(FileOutputStream.java:235)
	at java.base/java.io.FileOutputStream.<init>(FileOutputStream.java:123)
	at java.base/java.io.FileWriter.<init>(FileWriter.java:66)
	at com.excape/com.model.DataWriter.savePlayers(DataWriter.java:159)
	at com.excape/com.model.Players.saveProgress(Players.java:144)
	at com.excape/com.model.EscapeGameFacade.saveProgress(EscapeGameFacade.java:139)
	at com.excape/com.model.Puzzle.completePuzzle(Puzzle.java:41)
	at com.excape/com.model.Trivia.checkAnswer(Trivia.java:39)
	at com.excape/com.model.TestTrivia.testTriviaAnswerCaseSensitivity(TestTrivia.java:187)
	at java.base/jdk.internal.reflect.NativeMethodAccessorImpl.invoke0(Native Method)
	at java.base/jdk.internal.reflect.NativeMethodAccessorImpl.invoke(NativeMethodAccessorImpl.java:77)
	at java.base/jdk.internal.reflect.DelegatingMethodAccessorImpl.invoke(DelegatingMethodAccessorImpl.java:43)
	at java.base/java.lang.reflect.Method.invoke(Method.java:569)
	at junit@4.13.2/org.junit.runners.model.FrameworkMethod$1.runReflectiveCall(FrameworkMethod.java:59)
	at junit@4.13.2/org.junit.internal.runners.model.ReflectiveCallable.run(ReflectiveCallable.java:12)
	at junit@4.13.2/org.junit.runners.model.FrameworkMethod.invokeExplosively(FrameworkMethod.java:56)
	at junit@4.13.2/org.junit.internal.runners.statements.InvokeMethod.evaluate(InvokeMethod.java:17)
	at junit@4.13.2/org.junit.internal.runners.statements.RunBefores.evaluate(RunBefores.java:26)
	at junit@4.13.2/org.junit.runners.ParentRunner$3.evaluate(ParentRunner.java:306)
	at junit@4.13.2/org.junit.runners.BlockJUnit4ClassRunner$1.evaluate(BlockJUnit4ClassRunner.java:100)
	at junit@4.13.2/org.junit.runners.ParentRunner.runLeaf(ParentRunner.java:366)
	at junit@4.13.2/org.junit.runners.BlockJUnit4ClassRunner.runChild(BlockJUnit4ClassRunner.java:103)
	at junit@4.13.2/org.junit.runners.BlockJUnit4ClassRunner.runChild(BlockJUnit4ClassRunner.java:63)
	at junit@4.13.2/org.junit.runners.ParentRunner$4.run(ParentRunner.java:331)
	at junit@4.13.2/org.junit.runners.ParentRunner$1.schedule(ParentRunner.java:79)
	at junit@4.13.2/org.junit.runners.ParentRunner.runChildren(ParentRunner.java:329)
	at junit@4.13.2/org.junit.runners.ParentRunner.access$100(ParentRunner.java:66)
	at junit@4.13.2/org.junit.runners.ParentRunner$2.evaluate(ParentRunner.java:293)
	at junit@4.13.2/org.junit.runners.ParentRunner$3.evaluate(ParentRunner.java:306)
	at junit@4.13.2/org.junit.runners.ParentRunner.run(ParentRunner.java:413)
	at org.apache.maven.surefire.junit4.JUnit4Provider.execute(JUnit4Provider.java:316)
	at org.apache.maven.surefire.junit4.JUnit4Provider.executeWithRerun(JUnit4Provider.java:240)
	at org.apache.maven.surefire.junit4.JUnit4Provider.executeTestSet(JUnit4Provider.java:214)
	at org.apache.maven.surefire.junit4.JUnit4Provider.invoke(JUnit4Provider.java:155)
	at org.apache.maven.surefire.booter.ForkedBooter.runSuitesInProcess(ForkedBooter.java:385)
	at org.apache.maven.surefire.booter.ForkedBooter.execute(ForkedBooter.java:162)
	at org.apache.maven.surefire.booter.ForkedBooter.run(ForkedBooter.java:507)
	at org.apache.maven.surefire.booter.ForkedBooter.main(ForkedBooter.java:495)
java.io.FileNotFoundException: json/players.json (No such file or directory)
	at java.base/java.io.FileOutputStream.open0(Native Method)
	at java.base/java.io.FileOutputStream.open(FileOutputStream.java:293)
	at java.base/java.io.FileOutputStream.<init>(FileOutputStream.java:235)
	at java.base/java.io.FileOutputStream.<init>(FileOutputStream.java:123)
	at java.base/java.io.FileWriter.<init>(FileWriter.java:66)
	at com.excape/com.model.DataWriter.savePlayers(DataWriter.java:159)
	at com.excape/com.model.Players.saveProgress(Players.java:144)
	at com.excape/com.model.EscapeGameFacade.saveProgress(EscapeGameFacade.java:139)
	at com.excape/com.model.Puzzle.completePuzzle(Puzzle.java:41)
	at com.excape/com.model.Trivia.checkAnswer(Trivia.java:39)
	at com.excape/com.model.TestTrivia.testTriviaAnswerCaseSensitivity(TestTrivia.java:188)
	at java.base/jdk.internal.reflect.NativeMethodAccessorImpl.invoke0(Native Method)
	at java.base/jdk.internal.reflect.NativeMethodAccessorImpl.invoke(NativeMethodAccessorImpl.java:77)
	at java.base/jdk.internal.reflect.DelegatingMethodAccessorImpl.invoke(DelegatingMethodAccessorImpl.java:43)
	at java.base/java.lang.reflect.Method.invoke(Method.java:569)
	at junit@4.13.2/org.junit.runners.model.FrameworkMethod$1.runReflectiveCall(FrameworkMethod.java:59)
	at junit@4.13.2/org.junit.internal.runners.model.ReflectiveCallable.run(ReflectiveCallable.java:12)
	at junit@4.13.2/org.junit.runners.model.FrameworkMethod.invokeExplosively(FrameworkMethod.java:56)
	at junit@4.13.2/org.junit.internal.runners.statements.InvokeMethod.evaluate(InvokeMethod.java:17)
	at junit@4.13.2/org.junit.internal.runners.statements.RunBefores.evaluate(RunBefores.java:26)
	at junit@4.13.2/org.junit.runners.ParentRunner$3.evaluate(ParentRunner.java:306)
	at junit@4.13.2/org.junit.runners.BlockJUnit4ClassRunner$1.evaluate(BlockJUnit4ClassRunner.java:100)
	at junit@4.13.2/org.junit.runners.ParentRunner.runLeaf(ParentRunner.java:366)
	at junit@4.13.2/org.junit.runners.BlockJUnit4ClassRunner.runChild(BlockJUnit4ClassRunner.java:103)
	at junit@4.13.2/org.junit.runners.BlockJUnit4ClassRunner.runChild(BlockJUnit4ClassRunner.java:63)
	at junit@4.13.2/org.junit.runners.ParentRunner$4.run(ParentRunner.java:331)
	at junit@4.13.2/org.junit.runners.ParentRunner$1.schedule(ParentRunner.java:79)
	at junit@4.13.2/org.junit.runners.ParentRunner.runChildren(ParentRunner.java:329)
	at junit@4.13.2/org.junit.runners.ParentRunner.access$100(ParentRunner.java:66)
	at junit@4.13.2/org.junit.runners.ParentRunner$2.evaluate(ParentRunner.java:293)
	at junit@4.13.2/org.junit.runners.ParentRunner$3.evaluate(ParentRunner.java:306)
	at junit@4.13.2/org.junit.runners.ParentRunner.run(ParentRunner.java:413)
	at org.apache.maven.surefire.junit4.JUnit4Provider.execute(JUnit4Provider.java:316)
	at org.apache.maven.surefire.junit4.JUnit4Provider.executeWithRerun(JUnit4Provider.java:240)
	at org.apache.maven.surefire.junit4.JUnit4Provider.executeTestSet(JUnit4Provider.java:214)
	at org.apache.maven.surefire.junit4.JUnit4Provider.invoke(JUnit4Provider.java:155)
	at org.apache.maven.surefire.booter.ForkedBooter.runSuitesInProcess(ForkedBooter.java:385)
	at org.apache.maven.surefire.booter.ForkedBooter.execute(ForkedBooter.java:162)
	at org.apache.maven.surefire.booter.ForkedBooter.run(ForkedBooter.java:507)
	at org.apache.maven.surefire.booter.ForkedBooter.main(ForkedBooter.java:495)
]]></system-err>
  </testcase>
  <testcase name="testCheckAnswerTrailingWhitespace" classname="com.model.TestTrivia" time="0.0">
    <system-out><![CDATA[STUB Puzzle.playSound() called - correct: true
STUB Puzzle.playSound() called - correct: true
]]></system-out>
    <system-err><![CDATA[java.io.FileNotFoundException: json/players.json (No such file or directory)
	at java.base/java.io.FileOutputStream.open0(Native Method)
	at java.base/java.io.FileOutputStream.open(FileOutputStream.java:293)
	at java.base/java.io.FileOutputStream.<init>(FileOutputStream.java:235)
	at java.base/java.io.FileOutputStream.<init>(FileOutputStream.java:123)
	at java.base/java.io.FileWriter.<init>(FileWriter.java:66)
	at com.excape/com.model.DataWriter.savePlayers(DataWriter.java:159)
	at com.excape/com.model.Players.saveProgress(Players.java:144)
	at com.excape/com.model.EscapeGameFacade.saveProgress(EscapeGameFacade.java:139)
	at com.excape/com.model.Puzzle.completePuzzle(Puzzle.java:41)
	at com.excape/com.model.Trivia.checkAnswer(Trivia.java:39)
	at com.excape/com.model.TestTrivia.testCheckAnswerTrailingWhitespace(TestTrivia.java:63)
	at java.base/jdk.internal.reflect.NativeMethodAccessorImpl.invoke0(Native Method)
	at java.base/jdk.internal.reflect.NativeMethodAccessorImpl.invoke(NativeMethodAccessorImpl.java:77)
	at java.base/jdk.internal.reflect.DelegatingMethodAccessorImpl.invoke(DelegatingMethodAccessorImpl.java:43)
	at java.base/java.lang.reflect.Method.invoke(Method.java:569)
	at junit@4.13.2/org.junit.runners.model.FrameworkMethod$1.runReflectiveCall(FrameworkMethod.java:59)
	at junit@4.13.2/org.junit.internal.runners.model.ReflectiveCallable.run(ReflectiveCallable.java:12)
	at junit@4.13.2/org.junit.runners.model.FrameworkMethod.invokeExplosively(FrameworkMethod.java:56)
	at junit@4.13.2/org.junit.internal.runners.statements.InvokeMethod.evaluate(InvokeMethod.java:17)
	at junit@4.13.2/org.junit.internal.runners.statements.RunBefores.evaluate(RunBefores.java:26)
	at junit@4.13.2/org.junit.runners.ParentRunner$3.evaluate(ParentRunner.java:306)
	at junit@4.13.2/org.junit.runners.BlockJUnit4ClassRunner$1.evaluate(BlockJUnit4ClassRunner.java:100)
	at junit@4.13.2/org.junit.runners.ParentRunner.runLeaf(ParentRunner.java:366)
	at junit@4.13.2/org.junit.runners.BlockJUnit4ClassRunner.runChild(BlockJUnit4ClassRunner.java:103)
	at junit@4.13.2/org.junit.runners.BlockJUnit4ClassRunner.runChild(BlockJUnit4ClassRunner.java:63)
	at junit@4.13.2/org.junit.runners.ParentRunner$4.run(ParentRunner.java:331)
	at junit@4.13.2/org.junit.runners.ParentRunner$1.schedule(ParentRunner.java:79)
	at junit@4.13.2/org.junit.runners.ParentRunner.runChildren(ParentRunner.java:329)
	at junit@4.13.2/org.junit.runners.ParentRunner.access$100(ParentRunner.java:66)
	at junit@4.13.2/org.junit.runners.ParentRunner$2.evaluate(ParentRunner.java:293)
	at junit@4.13.2/org.junit.runners.ParentRunner$3.evaluate(ParentRunner.java:306)
	at junit@4.13.2/org.junit.runners.ParentRunner.run(ParentRunner.java:413)
	at org.apache.maven.surefire.junit4.JUnit4Provider.execute(JUnit4Provider.java:316)
	at org.apache.maven.surefire.junit4.JUnit4Provider.executeWithRerun(JUnit4Provider.java:240)
	at org.apache.maven.surefire.junit4.JUnit4Provider.executeTestSet(JUnit4Provider.java:214)
	at org.apache.maven.surefire.junit4.JUnit4Provider.invoke(JUnit4Provider.java:155)
	at org.apache.maven.surefire.booter.ForkedBooter.runSuitesInProcess(ForkedBooter.java:385)
	at org.apache.maven.surefire.booter.ForkedBooter.execute(ForkedBooter.java:162)
	at org.apache.maven.surefire.booter.ForkedBooter.run(ForkedBooter.java:507)
	at org.apache.maven.surefire.booter.ForkedBooter.main(ForkedBooter.java:495)
]]></system-err>
  </testcase>
  <testcase name="testCheckAnswerWithNumericAnswerDifferentFormatting" classname="com.model.TestTrivia" time="0.0">
    <system-out><![CDATA[STUB Puzzle.playSound() called - correct: false
]]></system-out>
  </testcase>
</testsuite>