<?xml version="1.0" encoding="UTF-8"?>
<testsuite xmlns:xsi="http://www.w3.org/2001/XMLSchema-instance" xsi:noNamespaceSchemaLocation="https://maven.apache.org/surefire/maven-surefire-plugin/xsd/surefire-test-report-3.0.xsd" version="3.0" name="com.model.TestGame" time="0.249" tests="33" errors="1" skipped="0" failures="0">
  <properties>
[...]
</properties>
  <testcase name="testInitialDefaults" classname="com.model.TestGame" time="0.007"/>
  <testcase name="testGameToStringContainsImportantInfo" classname="com.model.TestGame" time="0.0"/>
  <testcase name="testDeleteGameResetsSingleton" classname="com.model.TestGame" time="0.0"/>
  <testcase name="testProgressPercentWithEmptyList" classname="com.model.TestGame" time="0.0"/>
  <testcase name="testInitializeGameResetsPreviousValues" classname="com.model.TestGame" time="0.0"/>
  <testcase name="testCalculateScoreWithNoProgressList" classname="com.model.TestGame" time="0.001"/>
  <testcase name="testDifferentDifficultyTimeComparisons" classname="com.model.TestGame" time="0.0"/>
  <testcase name="testElapsedTimeAfterStart" classname="com.model.TestGame" time="0.055"/>
  <testcase name="testIsTimeUpInitiallyFalse" classname="com.model.TestGame" time="0.0"/>
  <testcase name="testPauseWhenAlreadyPausedDoesNotCrash" classname="com.model.TestGame" time="0.0"/>
  <testcase name="testProgressPercentZeroCompleted" classname="com.model.TestGame" time="0.001"/>
  <testcase name="testRemainingTimePositiveForAllDifficulties" classname="com.model.TestGame" time="0.001"/>
  <testcase name="testElapsedTimeWithoutInitialization" classname="com.model.TestGame" time="0.0"/>
  <testcase name="testInitializeGameWithNullPlayer" classname="com.model.TestGame" time="0.002">
    <error message="Cannot invoke &quot;com.model.Player.getProgress()&quot; because &quot;player&quot; is null" type="java.lang.NullPointerException"><![CDATA[java.lang.NullPointerException: Cannot invoke "com.model.Player.getProgress()" because "player" is null
	at com.excape/com.model.Game.initializeGame(Game.java:82)
	at com.excape/com.model.TestGame.testInitializeGameWithNullPlayer(TestGame.java:101)
	at java.base/jdk.internal.reflect.NativeMethodAccessorImpl.invoke0(Native Method)
	at java.base/jdk.internal.reflect.NativeMethodAccessorImpl.invoke(NativeMethodAccessorImpl.java:77)
	at java.base/jdk.internal.reflect.DelegatingMethodAccessorImpl.invoke(DelegatingMethodAccessorImpl.java:43)
	at java.base/java.lang.reflect.Method.invoke(Method.java:569)
	at junit@4.13.2/org.junit.runners.model.FrameworkMethod$1.runReflectiveCall(FrameworkMethod.java:59)
	at junit@4.13.2/org.junit.internal.runners.model.ReflectiveCallable.run(ReflectiveCallable.java:12)
	at junit@4.13.2/org.junit.runners.model.FrameworkMethod.invokeExplosively(FrameworkMethod.java:56)
	at junit@4.13.2/org.junit.internal.runners.statements.InvokeMethod.evaluate(InvokeMethod.java:17)
	at junit@4.13.2/org.junit.internal.runners.statements.RunBefores.evaluate(RunBefores.java:26)
	at junit@4.13.2/org.junit.internal.runners.statements.RunAfters.evaluate(RunAfters.java:27)
	at junit@4.13.2/org.junit.runners.ParentRunner$3.evaluate(ParentRunner.java:306)
	at junit@4.13.2/org.junit.runners.BlockJUnit4ClassRunner$1.evaluate(BlockJUnit4ClassRunner.java:100)
	at junit@4.13.2/org.junit.runners.ParentRunner.runLeaf(ParentRunner.java:366)
	at junit@4.13.2/org.junit.runners.BlockJUnit4ClassRunner.runChild(BlockJUnit4ClassRunner.java:103)
	at junit@4.13.2/org.junit.runners.BlockJUnit4ClassRunner.runChild(BlockJUnit4ClassRunner.java:63)
	at junit@4.13.2/org.junit.runners.ParentRunner$4.run(ParentRunner.java:331)
	at junit@4.13.2/org.junit.runners.ParentRunner$1.schedule(ParentRunner.java:79)
	at junit@4.13.2/org.junit.runners.ParentRunner.runChildren(ParentRunner.java:329)
	at junit@4.13.2/org.junit.runners.ParentRunner.access$100(ParentRunner.java:66)
	at junit@4.13.2/org.junit.runners.ParentRunner$2.evaluate(ParentRunner.java:293)
	at junit@4.13.2/org.junit.runners.ParentRunner$3.evaluate(ParentRunner.java:306)
	at junit@4.13.2/org.junit.runners.ParentRunner.run(ParentRunner.java:413)
	at org.apache.maven.surefire.junit4.JUnit4Provider.execute(JUnit4Provider.java:316)
	at org.apache.maven.surefire.junit4.JUnit4Provider.executeWithRerun(JUnit4Provider.java:240)
	at org.apache.maven.surefire.junit4.JUnit4Provider.executeTestSet(JUnit4Provider.java:214)
	at org.apache.maven.surefire.junit4.JUnit4Provider.invoke(JUnit4Provider.java:155)
	at org.apache.maven.surefire.booter.ForkedBooter.runSuitesInProcess(ForkedBooter.java:385)
	at org.apache.maven.surefire.booter.ForkedBooter.execute(ForkedBooter.java:162)
	at org.apache.maven.surefire.booter.ForkedBooter.run(ForkedBooter.java:507)
	at org.apache.maven.surefire.booter.ForkedBooter.main(ForkedBooter.java:495)
]]></error>
  </testcase>
  <testcase name="testSetDifficultyThenGet" classname="com.model.TestGame" time="0.0"/>
  <testcase name="testSetNegativeScore" classname="com.model.TestGame" time="0.001"/>
  <testcase name="testSingletonReturnsSameInstance" classname="com.model.TestGame" time="0.0"/>
  <testcase name="testSetCurrentPlayerToNull" classname="com.model.TestGame" time="0.0"/>
  <testcase name="testInitializeGameBasic" classname="com.model.TestGame" time="0.0"/>
  <testcase name="testSetPuzzlesNullDoesNotCrash" classname="com.model.TestGame" time="0.0"/>
  <testcase name="testSetStoryNull" classname="com.model.TestGame" time="0.0"/>
  <testcase name="testCalculateScoreUpdatesGameScore" classname="com.model.TestGame" time="0.0"/>
  <testcase name="testDifficultyEnumValues" classname="com.model.TestGame" time="0.0"/>
  <testcase name="testInitializeGameTwiceOverwritesPlayerAndDifficulty" classname="com.model.TestGame" time="0.0"/>
  <testcase name="testGameCanHandleNullPlayerAndStorySimultaneously" classname="com.model.TestGame" time="0.0"/>
  <testcase name="testResumeWhenNotPausedDoesNotCrash" classname="com.model.TestGame" time="0.0"/>
  <testcase name="testDifficultyEnumToString" classname="com.model.TestGame" time="0.0"/>
  <testcase name="testSingletonIsNotNull" classname="com.model.TestGame" time="0.0"/>
  <testcase name="testChangingScoreDoesNotCrashProgressPercent" classname="com.model.TestGame" time="0.0"/>
  <testcase name="testDeleteGamePreservesNoState" classname="com.model.TestGame" time="0.001"/>
  <testcase name="testPauseResumeDoesNotAdvanceTimeSignificantly" classname="com.model.TestGame" time="0.161"/>
  <testcase name="testPauseAndResumeToggle" classname="com.model.TestGame" time="0.0"/>
  <testcase name="testCalculateScoreReturnsNonNegative" classname="com.model.TestGame" time="0.0"/>
</testsuite>