<?xml version="1.0" encoding="UTF-8"?>
<testsuite xmlns:xsi="http://www.w3.org/2001/XMLSchema-instance" xsi:noNamespaceSchemaLocation="https://maven.apache.org/surefire/maven-surefire-plugin/xsd/surefire-test-report-3.0.xsd" version="3.0" name="com.model.TestPlayers" time="0.009" tests="1" errors="1" skipped="0" failures="0">
  <properties>
[...]
</properties>
  <testcase name="initializationError" classname="com.model.TestPlayers" time="0.002">
    <error message="Unable to make public void com.model.TestPlayers.tearDown() accessible: module com.excape does not &quot;exports com.model&quot; to module junit" type="java.lang.reflect.InaccessibleObjectException"><![CDATA[java.lang.reflect.InaccessibleObjectException: Unable to make public void com.model.TestPlayers.tearDown() accessible: module com.excape does not "exports com.model" to module junit
	at java.base/java.lang.reflect.AccessibleObject.checkCanSetAccessible(AccessibleObject.java:354)
	at java.base/java.lang.reflect.AccessibleObject.checkCanSetAccessible(AccessibleObject.java:297)
	at java.base/java.lang.reflect.Method.checkCanSetAccessible(Method.java:200)
	at java.base/java.lang.reflect.Method.setAccessible(Method.java:194)
	at junit@4.13.2/org.junit.runners.model.FrameworkMethod.<init>(FrameworkMethod.java:35)
	at junit@4.13.2/org.junit.runners.model.TestClass.scanAnnotatedMembers(TestClass.java:66)
	at junit@4.13.2/org.junit.runners.model.TestClass.<init>(TestClass.java:57)
	at junit@4.13.2/org.junit.runners.JUnit4.<init>(JUnit4.java:23)
	at junit@4.13.2/org.junit.internal.builders.JUnit4Builder.runnerForClass(JUnit4Builder.java:10)
	at junit@4.13.2/org.junit.runners.model.RunnerBuilder.safeRunnerForClass(RunnerBuilder.java:70)
	at junit@4.13.2/org.junit.internal.builders.AllDefaultPossibilitiesBuilder.runnerForClass(AllDefaultPossibilitiesBuilder.java:37)
	at junit@4.13.2/org.junit.runners.model.RunnerBuilder.safeRunnerForClass(RunnerBuilder.java:70)
	at junit@4.13.2/org.junit.internal.requests.ClassRequest.createRunner(ClassRequest.java:28)
	at junit@4.13.2/org.junit.internal.requests.MemoizingRequest.getRunner(MemoizingRequest.java:19)
	at org.apache.maven.surefire.junit4.JUnit4Provider.execute(JUnit4Provider.java:314)
	at org.apache.maven.surefire.junit4.JUnit4Provider.executeWithRerun(JUnit4Provider.java:240)
	at org.apache.maven.surefire.junit4.JUnit4Provider.executeTestSet(JUnit4Provider.java:214)
	at org.apache.maven.surefire.junit4.JUnit4Provider.invoke(JUnit4Provider.java:155)
	at org.apache.maven.surefire.booter.ForkedBooter.runSuitesInProcess(ForkedBooter.java:385)
	at org.apache.maven.surefire.booter.ForkedBooter.execute(ForkedBooter.java:162)
	at org.apache.maven.surefire.booter.ForkedBooter.run(ForkedBooter.java:507)
	at org.apache.maven.surefire.booter.ForkedBooter.main(ForkedBooter.java:495)
]]></error>
  </testcase>
</testsuite>