<?xml version="1.0" encoding="UTF-8"?>
<testsuite xmlns:xsi="http://www.w3.org/2001/XMLSchema-instance" xsi:noNamespaceSchemaLocation="https://maven.apache.org/surefire/maven-surefire-plugin/xsd/surefire-test-report-3.0.xsd" version="3.0" name="com.model.TestGame" time="0.249" tests="33" errors="1" skipped="0" failures="0">
  <properties>
    <property name="java.specification.version" value="17"/>
    <property name="sun.jnu.encoding" value="UTF-8"/>
    <property name="java.class.path" value="/Users/charlottebaker/Desktop/VHS-Escape/excaperoom/target/test-classes:/Users/charlottebaker/.m2/repository/org/hamcrest/hamcrest-core/1.3/hamcrest-core-1.3.jar:/Users/charlottebaker/.m2/repository/org/openjfx/javafx-controls/21/javafx-controls-21.jar:/Users/charlottebaker/.m2/repository/org/openjfx/javafx-graphics/21/javafx-graphics-21.jar:/Users/charlottebaker/.m2/repository/org/openjfx/javafx-base/21/javafx-base-21.jar:/Users/charlottebaker/.m2/repository/org/openjfx/javafx-fxml/21/javafx-fxml-21.jar:/Users/charlottebaker/.m2/repository/org/mobicents/external/freetts/en_us/1.0/en_us-1.0.jar:/Users/charlottebaker/.m2/repository/org/mobicents/external/freetts/cmu_us_kal/1.0/cmu_us_kal-1.0.jar:/Users/charlottebaker/.m2/repository/org/mobicents/external/freetts/cmulex/1.0/cmulex-1.0.jar:/Users/charlottebaker/.m2/repository/org/mobicents/external/freetts/cmudict04/1.0/cmudict04-1.0.jar:"/>
    <property name="java.vm.vendor" value="Amazon.com Inc."/>
    <property name="sun.arch.data.model" value="64"/>
    <property name="java.vendor.url" value="https://aws.amazon.com/corretto/"/>
    <property name="os.name" value="Mac OS X"/>
    <property name="java.vm.specification.version" value="17"/>
    <property name="user.country" value="US"/>
    <property name="sun.java.launcher" value="SUN_STANDARD"/>
    <property name="sun.boot.library.path" value="/Library/Java/JavaVirtualMachines/amazon-corretto-17.jdk/Contents/Home/lib"/>
    <property name="sun.java.command" value="org.apache.maven.surefire.booter.ForkedBooter /Users/charlottebaker/Desktop/VHS-Escape/excaperoom/target/surefire 2025-11-02T19-56-18_420-jvmRun1 surefire-20251102195618506_1tmp surefire_0-20251102195618506_2tmp"/>
    <property name="http.nonProxyHosts" value="local|*.local|169.254/16|*.169.254/16"/>
    <property name="jdk.debug" value="release"/>
    <property name="test" value="com.model.TestGame"/>
    <property name="surefire.test.class.path" value="/Users/charlottebaker/Desktop/VHS-Escape/excaperoom/target/test-classes:/Users/charlottebaker/.m2/repository/org/hamcrest/hamcrest-core/1.3/hamcrest-core-1.3.jar:/Users/charlottebaker/.m2/repository/org/openjfx/javafx-controls/21/javafx-controls-21.jar:/Users/charlottebaker/.m2/repository/org/openjfx/javafx-graphics/21/javafx-graphics-21.jar:/Users/charlottebaker/.m2/repository/org/openjfx/javafx-base/21/javafx-base-21.jar:/Users/charlottebaker/.m2/repository/org/openjfx/javafx-fxml/21/javafx-fxml-21.jar:/Users/charlottebaker/.m2/repository/org/mobicents/external/freetts/en_us/1.0/en_us-1.0.jar:/Users/charlottebaker/.m2/repository/org/mobicents/external/freetts/cmu_us_kal/1.0/cmu_us_kal-1.0.jar:/Users/charlottebaker/.m2/repository/org/mobicents/external/freetts/cmulex/1.0/cmulex-1.0.jar:/Users/charlottebaker/.m2/repository/org/mobicents/external/freetts/cmudict04/1.0/cmudict04-1.0.jar:"/>
    <property name="sun.cpu.endian" value="little"/>
    <property name="user.home" value="/Users/charlottebaker"/>
    <property name="user.language" value="en"/>
    <property name="java.specification.vendor" value="Oracle Corporation"/>
    <property name="jdk.module.path" value="/Users/charlottebaker/Desktop/VHS-Escape/excaperoom/target/classes:/Users/charlottebaker/.m2/repository/junit/junit/4.13.2/junit-4.13.2.jar:/Users/charlottebaker/.m2/repository/com/googlecode/json-simple/json-simple/1.1.1/json-simple-1.1.1.jar:/Users/charlottebaker/.m2/repository/org/openjfx/javafx-controls/21/javafx-controls-21-mac-aarch64.jar:/Users/charlottebaker/.m2/repository/org/openjfx/javafx-graphics/21/javafx-graphics-21-mac-aarch64.jar:/Users/charlottebaker/.m2/repository/org/openjfx/javafx-base/21/javafx-base-21-mac-aarch64.jar:/Users/charlottebaker/.m2/repository/org/openjfx/javafx-fxml/21/javafx-fxml-21-mac-aarch64.jar:/Users/charlottebaker/.m2/repository/org/mobicents/external/freetts/freetts/1.0/freetts-1.0.jar"/>
    <property name="java.version.date" value="2025-01-21"/>
    <property name="java.home" value="/Library/Java/JavaVirtualMachines/amazon-corretto-17.jdk/Contents/Home"/>
    <property name="file.separator" value="/"/>
    <property name="basedir" value="/Users/charlottebaker/Desktop/VHS-Escape/excaperoom"/>
    <property name="java.vm.compressedOopsMode" value="Zero based"/>
    <property name="line.separator" value="&#10;"/>
    <property name="java.vm.specification.vendor" value="Oracle Corporation"/>
    <property name="java.specification.name" value="Java Platform API Specification"/>
    <property name="surefire.real.class.path" value="/Users/charlottebaker/.m2/repository/org/apache/maven/surefire/surefire-booter/3.2.5/surefire-booter-3.2.5.jar:/Users/charlottebaker/.m2/repository/org/apache/maven/surefire/surefire-api/3.2.5/surefire-api-3.2.5.jar:/Users/charlottebaker/.m2/repository/org/apache/maven/surefire/surefire-logger-api/3.2.5/surefire-logger-api-3.2.5.jar:/Users/charlottebaker/.m2/repository/org/apache/maven/surefire/surefire-shared-utils/3.2.5/surefire-shared-utils-3.2.5.jar:/Users/charlottebaker/.m2/repository/org/apache/maven/surefire/surefire-extensions-spi/3.2.5/surefire-extensions-spi-3.2.5.jar:/Users/charlottebaker/Desktop/VHS-Escape/excaperoom/target/test-classes:/Users/charlottebaker/.m2/repository/org/hamcrest/hamcrest-core/1.3/hamcrest-core-1.3.jar:/Users/charlottebaker/.m2/repository/org/openjfx/javafx-controls/21/javafx-controls-21.jar:/Users/charlottebaker/.m2/repository/org/openjfx/javafx-graphics/21/javafx-graphics-21.jar:/Users/charlottebaker/.m2/repository/org/openjfx/javafx-base/21/javafx-base-21.jar:/Users/charlottebaker/.m2/repository/org/openjfx/javafx-fxml/21/javafx-fxml-21.jar:/Users/charlottebaker/.m2/repository/org/mobicents/external/freetts/en_us/1.0/en_us-1.0.jar:/Users/charlottebaker/.m2/repository/org/mobicents/external/freetts/cmu_us_kal/1.0/cmu_us_kal-1.0.jar:/Users/charlottebaker/.m2/repository/org/mobicents/external/freetts/cmulex/1.0/cmulex-1.0.jar:/Users/charlottebaker/.m2/repository/org/mobicents/external/freetts/cmudict04/1.0/cmudict04-1.0.jar:/Users/charlottebaker/.m2/repository/org/apache/maven/surefire/surefire-junit4/3.2.5/surefire-junit4-3.2.5.jar:/Users/charlottebaker/.m2/repository/org/apache/maven/surefire/common-java5/3.2.5/common-java5-3.2.5.jar:/Users/charlottebaker/.m2/repository/org/apache/maven/surefire/common-junit3/3.2.5/common-junit3-3.2.5.jar:/Users/charlottebaker/.m2/repository/org/apache/maven/surefire/common-junit4/3.2.5/common-junit4-3.2.5.jar"/>
    <property name="sun.management.compiler" value="HotSpot 64-Bit Tiered Compilers"/>
    <property name="ftp.nonProxyHosts" value="local|*.local|169.254/16|*.169.254/16"/>
    <property name="java.runtime.version" value="17.0.14+7-LTS"/>
    <property name="user.name" value="charlottebaker"/>
    <property name="path.separator" value=":"/>
    <property name="os.version" value="15.5"/>
    <property name="java.runtime.name" value="OpenJDK Runtime Environment"/>
    <property name="file.encoding" value="UTF-8"/>
    <property name="java.vm.name" value="OpenJDK 64-Bit Server VM"/>
    <property name="java.vendor.version" value="Corretto-17.0.14.7.1"/>
    <property name="maven.ext.class.path" value="/Users/charlottebaker/.vscode/extensions/oracle.oracle-java-24.1.2/nbcode/java/maven-nblib/netbeans-eventspy.jar"/>
    <property name="localRepository" value="/Users/charlottebaker/.m2/repository"/>
    <property name="java.vendor.url.bug" value="https://github.com/corretto/corretto-17/issues/"/>
    <property name="java.io.tmpdir" value="/var/folders/m9/k2xg5szn2hd86_qd6lgd8x000000gn/T/"/>
    <property name="java.version" value="17.0.14"/>
    <property name="user.dir" value="/Users/charlottebaker/Desktop/VHS-Escape/excaperoom"/>
    <property name="os.arch" value="aarch64"/>
    <property name="java.vm.specification.name" value="Java Virtual Machine Specification"/>
    <property name="native.encoding" value="UTF-8"/>
    <property name="java.library.path" value="/Users/charlottebaker/Library/Java/Extensions:/Library/Java/Extensions:/Network/Library/Java/Extensions:/System/Library/Java/Extensions:/usr/lib/java:."/>
    <property name="java.vm.info" value="mixed mode"/>
    <property name="java.vendor" value="Amazon.com Inc."/>
    <property name="java.vm.version" value="17.0.14+7-LTS"/>
    <property name="java.specification.maintenance.version" value="1"/>
    <property name="sun.io.unicode.encoding" value="UnicodeBig"/>
    <property name="socksNonProxyHosts" value="local|*.local|169.254/16|*.169.254/16"/>
    <property name="java.class.version" value="61.0"/>
  </properties>
  <testcase name="testInitialDefaults" classname="com.model.TestGame" time="0.007"/>
  <testcase name="testGameToStringContainsImportantInfo" classname="com.model.TestGame" time="0.0"/>
  <testcase name="testDeleteGameResetsSingleton" classname="com.model.TestGame" time="0.0"/>
  <testcase name="testProgressPercentWithEmptyList" classname="com.model.TestGame" time="0.0"/>
  <testcase name="testInitializeGameResetsPreviousValues" classname="com.model.TestGame" time="0.0"/>
  <testcase name="testCalculateScoreWithNoProgressList" classname="com.model.TestGame" time="0.001"/>
  <testcase name="testDifferentDifficultyTimeComparisons" classname="com.model.TestGame" time="0.0"/>
  <testcase name="testElapsedTimeAfterStart" classname="com.model.TestGame" time="0.055"/>
  <testcase name="testIsTimeUpInitiallyFalse" classname="com.model.TestGame" time="0.0"/>
  <testcase name="testPauseWhenAlreadyPausedDoesNotCrash" classname="com.model.TestGame" time="0.0"/>
  <testcase name="testProgressPercentZeroCompleted" classname="com.model.TestGame" time="0.001"/>
  <testcase name="testRemainingTimePositiveForAllDifficulties" classname="com.model.TestGame" time="0.001"/>
  <testcase name="testElapsedTimeWithoutInitialization" classname="com.model.TestGame" time="0.0"/>
  <testcase name="testInitializeGameWithNullPlayer" classname="com.model.TestGame" time="0.002">
    <error message="Cannot invoke &quot;com.model.Player.getProgress()&quot; because &quot;player&quot; is null" type="java.lang.NullPointerException"><![CDATA[java.lang.NullPointerException: Cannot invoke "com.model.Player.getProgress()" because "player" is null
	at com.excape/com.model.Game.initializeGame(Game.java:82)
	at com.excape/com.model.TestGame.testInitializeGameWithNullPlayer(TestGame.java:101)
	at java.base/jdk.internal.reflect.NativeMethodAccessorImpl.invoke0(Native Method)
	at java.base/jdk.internal.reflect.NativeMethodAccessorImpl.invoke(NativeMethodAccessorImpl.java:77)
	at java.base/jdk.internal.reflect.DelegatingMethodAccessorImpl.invoke(DelegatingMethodAccessorImpl.java:43)
	at java.base/java.lang.reflect.Method.invoke(Method.java:569)
	at junit@4.13.2/org.junit.runners.model.FrameworkMethod$1.runReflectiveCall(FrameworkMethod.java:59)
	at junit@4.13.2/org.junit.internal.runners.model.ReflectiveCallable.run(ReflectiveCallable.java:12)
	at junit@4.13.2/org.junit.runners.model.FrameworkMethod.invokeExplosively(FrameworkMethod.java:56)
	at junit@4.13.2/org.junit.internal.runners.statements.InvokeMethod.evaluate(InvokeMethod.java:17)
	at junit@4.13.2/org.junit.internal.runners.statements.RunBefores.evaluate(RunBefores.java:26)
	at junit@4.13.2/org.junit.internal.runners.statements.RunAfters.evaluate(RunAfters.java:27)
	at junit@4.13.2/org.junit.runners.ParentRunner$3.evaluate(ParentRunner.java:306)
	at junit@4.13.2/org.junit.runners.BlockJUnit4ClassRunner$1.evaluate(BlockJUnit4ClassRunner.java:100)
	at junit@4.13.2/org.junit.runners.ParentRunner.runLeaf(ParentRunner.java:366)
	at junit@4.13.2/org.junit.runners.BlockJUnit4ClassRunner.runChild(BlockJUnit4ClassRunner.java:103)
	at junit@4.13.2/org.junit.runners.BlockJUnit4ClassRunner.runChild(BlockJUnit4ClassRunner.java:63)
	at junit@4.13.2/org.junit.runners.ParentRunner$4.run(ParentRunner.java:331)
	at junit@4.13.2/org.junit.runners.ParentRunner$1.schedule(ParentRunner.java:79)
	at junit@4.13.2/org.junit.runners.ParentRunner.runChildren(ParentRunner.java:329)
	at junit@4.13.2/org.junit.runners.ParentRunner.access$100(ParentRunner.java:66)
	at junit@4.13.2/org.junit.runners.ParentRunner$2.evaluate(ParentRunner.java:293)
	at junit@4.13.2/org.junit.runners.ParentRunner$3.evaluate(ParentRunner.java:306)
	at junit@4.13.2/org.junit.runners.ParentRunner.run(ParentRunner.java:413)
	at org.apache.maven.surefire.junit4.JUnit4Provider.execute(JUnit4Provider.java:316)
	at org.apache.maven.surefire.junit4.JUnit4Provider.executeWithRerun(JUnit4Provider.java:240)
	at org.apache.maven.surefire.junit4.JUnit4Provider.executeTestSet(JUnit4Provider.java:214)
	at org.apache.maven.surefire.junit4.JUnit4Provider.invoke(JUnit4Provider.java:155)
	at org.apache.maven.surefire.booter.ForkedBooter.runSuitesInProcess(ForkedBooter.java:385)
	at org.apache.maven.surefire.booter.ForkedBooter.execute(ForkedBooter.java:162)
	at org.apache.maven.surefire.booter.ForkedBooter.run(ForkedBooter.java:507)
	at org.apache.maven.surefire.booter.ForkedBooter.main(ForkedBooter.java:495)
]]></error>
  </testcase>
  <testcase name="testSetDifficultyThenGet" classname="com.model.TestGame" time="0.0"/>
  <testcase name="testSetNegativeScore" classname="com.model.TestGame" time="0.001"/>
  <testcase name="testSingletonReturnsSameInstance" classname="com.model.TestGame" time="0.0"/>
  <testcase name="testSetCurrentPlayerToNull" classname="com.model.TestGame" time="0.0"/>
  <testcase name="testInitializeGameBasic" classname="com.model.TestGame" time="0.0"/>
  <testcase name="testSetPuzzlesNullDoesNotCrash" classname="com.model.TestGame" time="0.0"/>
  <testcase name="testSetStoryNull" classname="com.model.TestGame" time="0.0"/>
  <testcase name="testCalculateScoreUpdatesGameScore" classname="com.model.TestGame" time="0.0"/>
  <testcase name="testDifficultyEnumValues" classname="com.model.TestGame" time="0.0"/>
  <testcase name="testInitializeGameTwiceOverwritesPlayerAndDifficulty" classname="com.model.TestGame" time="0.0"/>
  <testcase name="testGameCanHandleNullPlayerAndStorySimultaneously" classname="com.model.TestGame" time="0.0"/>
  <testcase name="testResumeWhenNotPausedDoesNotCrash" classname="com.model.TestGame" time="0.0"/>
  <testcase name="testDifficultyEnumToString" classname="com.model.TestGame" time="0.0"/>
  <testcase name="testSingletonIsNotNull" classname="com.model.TestGame" time="0.0"/>
  <testcase name="testChangingScoreDoesNotCrashProgressPercent" classname="com.model.TestGame" time="0.0"/>
  <testcase name="testDeleteGamePreservesNoState" classname="com.model.TestGame" time="0.001"/>
  <testcase name="testPauseResumeDoesNotAdvanceTimeSignificantly" classname="com.model.TestGame" time="0.161"/>
  <testcase name="testPauseAndResumeToggle" classname="com.model.TestGame" time="0.0"/>
  <testcase name="testCalculateScoreReturnsNonNegative" classname="com.model.TestGame" time="0.0"/>
</testsuite>