<?xml version="1.0" encoding="UTF-8"?>
<testsuite xmlns:xsi="http://www.w3.org/2001/XMLSchema-instance" xsi:noNamespaceSchemaLocation="https://maven.apache.org/surefire/maven-surefire-plugin/xsd/surefire-test-report-3.0.xsd" version="3.0" name="com.model.TestCipher" time="0.004" tests="26" errors="0" skipped="0" failures="0">
  <properties>
[...]
</properties>
  <testcase name="testToStringWithEmptyCipherText" classname="com.model.TestCipher" time="0.0"/>
  <testcase name="testCompleteWorkflowWithValidData" classname="com.model.TestCipher" time="0.0"/>
  <testcase name="testCheckAnswerWithMixedCase" classname="com.model.TestCipher" time="0.0"/>
  <testcase name="testCheckAnswerWithNullInput" classname="com.model.TestCipher" time="0.0"/>
  <testcase name="testCheckAnswerWithWhitespaceOnlyInput" classname="com.model.TestCipher" time="0.0"/>
  <testcase name="testDefaultConstructorSetsType" classname="com.model.TestCipher" time="0.0"/>
  <testcase name="testDefaultConstructorInitializesShift" classname="com.model.TestCipher" time="0.0"/>
  <testcase name="testParameterizedConstructorSetsShift" classname="com.model.TestCipher" time="0.0"/>
  <testcase name="testCheckAnswerWithIncorrectAnswer" classname="com.model.TestCipher" time="0.0"/>
  <testcase name="testCheckAnswerWithLeadingWhitespace" classname="com.model.TestCipher" time="0.0"/>
  <testcase name="testCheckAnswerWithNullCorrectAnswer" classname="com.model.TestCipher" time="0.0"/>
  <testcase name="testCheckAnswerWithBothNull" classname="com.model.TestCipher" time="0.0"/>
  <testcase name="testDefaultConstructorInitializesCipherText" classname="com.model.TestCipher" time="0.0"/>
  <testcase name="testCipherTextModificationDoesNotAffectAnswer" classname="com.model.TestCipher" time="0.0"/>
  <testcase name="testCheckAnswerWithEmptyCorrectAnswer" classname="com.model.TestCipher" time="0.0"/>
  <testcase name="testCheckAnswerWithEmptyString" classname="com.model.TestCipher" time="0.0"/>
  <testcase name="testParameterizedConstructorSetsCipherText" classname="com.model.TestCipher" time="0.0"/>
  <testcase name="testCheckAnswerWithLowercaseInput" classname="com.model.TestCipher" time="0.0"/>
  <testcase name="testCheckAnswerWithLeadingAndTrailingWhitespace" classname="com.model.TestCipher" time="0.0"/>
  <testcase name="testCheckAnswerWithTrailingWhitespace" classname="com.model.TestCipher" time="0.0"/>
  <testcase name="testToStringWithNullCipherText" classname="com.model.TestCipher" time="0.0"/>
  <testcase name="testDefaultConstructorInitializesCorrectAnswer" classname="com.model.TestCipher" time="0.001"/>
  <testcase name="testToStringWithCipherText" classname="com.model.TestCipher" time="0.0"/>
  <testcase name="testCheckAnswerWithExactMatch" classname="com.model.TestCipher" time="0.0"/>
  <testcase name="testShiftModificationDoesNotAffectAnswerChecking" classname="com.model.TestCipher" time="0.0"/>
  <testcase name="testParameterizedConstructorSetsCorrectAnswer" classname="com.model.TestCipher" time="0.0"/>
</testsuite>